[     117ms] Error: Minified React error #425; visit https://reactjs.org/docs/error-decoder.html?invariant=425 for the full message or use the non-minified dev environment for full errors and additional helpful warnings.
    at vc (https://carlosduplar.github.io/eleicoes-2026-monitor/assets/app-CikwzX5k.js:6:68)
    at y2 (https://carlosduplar.github.io/eleicoes-2026-monitor/assets/app-CikwzX5k.js:8:16180)
    at u_ (https://carlosduplar.github.io/eleicoes-2026-monitor/assets/app-CikwzX5k.js:8:40375)
    at l_ (https://carlosduplar.github.io/eleicoes-2026-monitor/assets/app-CikwzX5k.js:8:40264)
    at P2 (https://carlosduplar.github.io/eleicoes-2026-monitor/assets/app-CikwzX5k.js:8:40175)
    at i_ (https://carlosduplar.github.io/eleicoes-2026-monitor/assets/app-CikwzX5k.js:8:35089)
    at P (https://carlosduplar.github.io/eleicoes-2026-monitor/assets/app-CikwzX5k.js:1:84525)
    at MessagePort.D (https://carlosduplar.github.io/eleicoes-2026-monitor/assets/app-CikwzX5k.js:1:84897)
[     118ms] Error: Minified React error #425; visit https://reactjs.org/docs/error-decoder.html?invariant=425 for the full message or use the non-minified dev environment for full errors and additional helpful warnings.
    at vc (https://carlosduplar.github.io/eleicoes-2026-monitor/assets/app-CikwzX5k.js:6:68)
    at y2 (https://carlosduplar.github.io/eleicoes-2026-monitor/assets/app-CikwzX5k.js:8:16180)
    at u_ (https://carlosduplar.github.io/eleicoes-2026-monitor/assets/app-CikwzX5k.js:8:40375)
    at l_ (https://carlosduplar.github.io/eleicoes-2026-monitor/assets/app-CikwzX5k.js:8:40264)
    at P2 (https://carlosduplar.github.io/eleicoes-2026-monitor/assets/app-CikwzX5k.js:8:40175)
    at i_ (https://carlosduplar.github.io/eleicoes-2026-monitor/assets/app-CikwzX5k.js:8:35089)
    at P (https://carlosduplar.github.io/eleicoes-2026-monitor/assets/app-CikwzX5k.js:1:84525)
    at MessagePort.D (https://carlosduplar.github.io/eleicoes-2026-monitor/assets/app-CikwzX5k.js:1:84897)
[     119ms] Error: Minified React error #425; visit https://reactjs.org/docs/error-decoder.html?invariant=425 for the full message or use the non-minified dev environment for full errors and additional helpful warnings.
    at vc (https://carlosduplar.github.io/eleicoes-2026-monitor/assets/app-CikwzX5k.js:6:68)
    at y2 (https://carlosduplar.github.io/eleicoes-2026-monitor/assets/app-CikwzX5k.js:8:16180)
    at u_ (https://carlosduplar.github.io/eleicoes-2026-monitor/assets/app-CikwzX5k.js:8:40375)
    at l_ (https://carlosduplar.github.io/eleicoes-2026-monitor/assets/app-CikwzX5k.js:8:40264)
    at P2 (https://carlosduplar.github.io/eleicoes-2026-monitor/assets/app-CikwzX5k.js:8:40175)
    at i_ (https://carlosduplar.github.io/eleicoes-2026-monitor/assets/app-CikwzX5k.js:8:35089)
    at P (https://carlosduplar.github.io/eleicoes-2026-monitor/assets/app-CikwzX5k.js:1:84525)
    at MessagePort.D (https://carlosduplar.github.io/eleicoes-2026-monitor/assets/app-CikwzX5k.js:1:84897)
[     120ms] Error: Minified React error #425; visit https://reactjs.org/docs/error-decoder.html?invariant=425 for the full message or use the non-minified dev environment for full errors and additional helpful warnings.
    at vc (https://carlosduplar.github.io/eleicoes-2026-monitor/assets/app-CikwzX5k.js:6:68)
    at y2 (https://carlosduplar.github.io/eleicoes-2026-monitor/assets/app-CikwzX5k.js:8:16180)
    at u_ (https://carlosduplar.github.io/eleicoes-2026-monitor/assets/app-CikwzX5k.js:8:40375)
    at l_ (https://carlosduplar.github.io/eleicoes-2026-monitor/assets/app-CikwzX5k.js:8:40264)
    at P2 (https://carlosduplar.github.io/eleicoes-2026-monitor/assets/app-CikwzX5k.js:8:40175)
    at i_ (https://carlosduplar.github.io/eleicoes-2026-monitor/assets/app-CikwzX5k.js:8:35089)
    at P (https://carlosduplar.github.io/eleicoes-2026-monitor/assets/app-CikwzX5k.js:1:84525)
    at MessagePort.D (https://carlosduplar.github.io/eleicoes-2026-monitor/assets/app-CikwzX5k.js:1:84897)
[     120ms] Error: Minified React error #425; visit https://reactjs.org/docs/error-decoder.html?invariant=425 for the full message or use the non-minified dev environment for full errors and additional helpful warnings.
    at vc (https://carlosduplar.github.io/eleicoes-2026-monitor/assets/app-CikwzX5k.js:6:68)
    at y2 (https://carlosduplar.github.io/eleicoes-2026-monitor/assets/app-CikwzX5k.js:8:16180)
    at u_ (https://carlosduplar.github.io/eleicoes-2026-monitor/assets/app-CikwzX5k.js:8:40375)
    at l_ (https://carlosduplar.github.io/eleicoes-2026-monitor/assets/app-CikwzX5k.js:8:40264)
    at P2 (https://carlosduplar.github.io/eleicoes-2026-monitor/assets/app-CikwzX5k.js:8:40175)
    at i_ (https://carlosduplar.github.io/eleicoes-2026-monitor/assets/app-CikwzX5k.js:8:35089)
    at P (https://carlosduplar.github.io/eleicoes-2026-monitor/assets/app-CikwzX5k.js:1:84525)
    at MessagePort.D (https://carlosduplar.github.io/eleicoes-2026-monitor/assets/app-CikwzX5k.js:1:84897)
[     121ms] Error: Minified React error #425; visit https://reactjs.org/docs/error-decoder.html?invariant=425 for the full message or use the non-minified dev environment for full errors and additional helpful warnings.
    at vc (https://carlosduplar.github.io/eleicoes-2026-monitor/assets/app-CikwzX5k.js:6:68)
    at y2 (https://carlosduplar.github.io/eleicoes-2026-monitor/assets/app-CikwzX5k.js:8:16180)
    at u_ (https://carlosduplar.github.io/eleicoes-2026-monitor/assets/app-CikwzX5k.js:8:40375)
    at l_ (https://carlosduplar.github.io/eleicoes-2026-monitor/assets/app-CikwzX5k.js:8:40264)
    at P2 (https://carlosduplar.github.io/eleicoes-2026-monitor/assets/app-CikwzX5k.js:8:40175)
    at i_ (https://carlosduplar.github.io/eleicoes-2026-monitor/assets/app-CikwzX5k.js:8:35089)
    at P (https://carlosduplar.github.io/eleicoes-2026-monitor/assets/app-CikwzX5k.js:1:84525)
    at MessagePort.D (https://carlosduplar.github.io/eleicoes-2026-monitor/assets/app-CikwzX5k.js:1:84897)
[     122ms] Error: Minified React error #425; visit https://reactjs.org/docs/error-decoder.html?invariant=425 for the full message or use the non-minified dev environment for full errors and additional helpful warnings.
    at vc (https://carlosduplar.github.io/eleicoes-2026-monitor/assets/app-CikwzX5k.js:6:68)
    at y2 (https://carlosduplar.github.io/eleicoes-2026-monitor/assets/app-CikwzX5k.js:8:16180)
    at u_ (https://carlosduplar.github.io/eleicoes-2026-monitor/assets/app-CikwzX5k.js:8:40375)
    at l_ (https://carlosduplar.github.io/eleicoes-2026-monitor/assets/app-CikwzX5k.js:8:40264)
    at P2 (https://carlosduplar.github.io/eleicoes-2026-monitor/assets/app-CikwzX5k.js:8:40175)
    at i_ (https://carlosduplar.github.io/eleicoes-2026-monitor/assets/app-CikwzX5k.js:8:35089)
    at P (https://carlosduplar.github.io/eleicoes-2026-monitor/assets/app-CikwzX5k.js:1:84525)
    at MessagePort.D (https://carlosduplar.github.io/eleicoes-2026-monitor/assets/app-CikwzX5k.js:1:84897)
[     122ms] Error: Minified React error #418; visit https://reactjs.org/docs/error-decoder.html?invariant=418 for the full message or use the non-minified dev environment for full errors and additional helpful warnings.
    at mh (https://carlosduplar.github.io/eleicoes-2026-monitor/assets/app-CikwzX5k.js:6:4926)
    at d_ (https://carlosduplar.github.io/eleicoes-2026-monitor/assets/app-CikwzX5k.js:8:46173)
    at l_ (https://carlosduplar.github.io/eleicoes-2026-monitor/assets/app-CikwzX5k.js:8:40203)
    at P2 (https://carlosduplar.github.io/eleicoes-2026-monitor/assets/app-CikwzX5k.js:8:40175)
    at i_ (https://carlosduplar.github.io/eleicoes-2026-monitor/assets/app-CikwzX5k.js:8:35089)
    at P (https://carlosduplar.github.io/eleicoes-2026-monitor/assets/app-CikwzX5k.js:1:84525)
    at MessagePort.D (https://carlosduplar.github.io/eleicoes-2026-monitor/assets/app-CikwzX5k.js:1:84897)
[     124ms] Error: Minified React error #418; visit https://reactjs.org/docs/error-decoder.html?invariant=418 for the full message or use the non-minified dev environment for full errors and additional helpful warnings.
    at mh (https://carlosduplar.github.io/eleicoes-2026-monitor/assets/app-CikwzX5k.js:6:4926)
    at d_ (https://carlosduplar.github.io/eleicoes-2026-monitor/assets/app-CikwzX5k.js:8:46173)
    at l_ (https://carlosduplar.github.io/eleicoes-2026-monitor/assets/app-CikwzX5k.js:8:40203)
    at P2 (https://carlosduplar.github.io/eleicoes-2026-monitor/assets/app-CikwzX5k.js:8:40175)
    at i_ (https://carlosduplar.github.io/eleicoes-2026-monitor/assets/app-CikwzX5k.js:8:35089)
    at P (https://carlosduplar.github.io/eleicoes-2026-monitor/assets/app-CikwzX5k.js:1:84525)
    at MessagePort.D (https://carlosduplar.github.io/eleicoes-2026-monitor/assets/app-CikwzX5k.js:1:84897)
[     125ms] Error: Minified React error #418; visit https://reactjs.org/docs/error-decoder.html?invariant=418 for the full message or use the non-minified dev environment for full errors and additional helpful warnings.
    at mh (https://carlosduplar.github.io/eleicoes-2026-monitor/assets/app-CikwzX5k.js:6:4926)
    at d_ (https://carlosduplar.github.io/eleicoes-2026-monitor/assets/app-CikwzX5k.js:8:46173)
    at l_ (https://carlosduplar.github.io/eleicoes-2026-monitor/assets/app-CikwzX5k.js:8:40203)
    at P2 (https://carlosduplar.github.io/eleicoes-2026-monitor/assets/app-CikwzX5k.js:8:40175)
    at i_ (https://carlosduplar.github.io/eleicoes-2026-monitor/assets/app-CikwzX5k.js:8:35089)
    at P (https://carlosduplar.github.io/eleicoes-2026-monitor/assets/app-CikwzX5k.js:1:84525)
    at MessagePort.D (https://carlosduplar.github.io/eleicoes-2026-monitor/assets/app-CikwzX5k.js:1:84897)
[     126ms] Error: Minified React error #418; visit https://reactjs.org/docs/error-decoder.html?invariant=418 for the full message or use the non-minified dev environment for full errors and additional helpful warnings.
    at mh (https://carlosduplar.github.io/eleicoes-2026-monitor/assets/app-CikwzX5k.js:6:4926)
    at d_ (https://carlosduplar.github.io/eleicoes-2026-monitor/assets/app-CikwzX5k.js:8:46173)
    at l_ (https://carlosduplar.github.io/eleicoes-2026-monitor/assets/app-CikwzX5k.js:8:40203)
    at P2 (https://carlosduplar.github.io/eleicoes-2026-monitor/assets/app-CikwzX5k.js:8:40175)
    at i_ (https://carlosduplar.github.io/eleicoes-2026-monitor/assets/app-CikwzX5k.js:8:35089)
    at P (https://carlosduplar.github.io/eleicoes-2026-monitor/assets/app-CikwzX5k.js:1:84525)
    at MessagePort.D (https://carlosduplar.github.io/eleicoes-2026-monitor/assets/app-CikwzX5k.js:1:84897)
[     127ms] Error: Minified React error #418; visit https://reactjs.org/docs/error-decoder.html?invariant=418 for the full message or use the non-minified dev environment for full errors and additional helpful warnings.
    at mh (https://carlosduplar.github.io/eleicoes-2026-monitor/assets/app-CikwzX5k.js:6:4926)
    at d_ (https://carlosduplar.github.io/eleicoes-2026-monitor/assets/app-CikwzX5k.js:8:46173)
    at l_ (https://carlosduplar.github.io/eleicoes-2026-monitor/assets/app-CikwzX5k.js:8:40203)
    at P2 (https://carlosduplar.github.io/eleicoes-2026-monitor/assets/app-CikwzX5k.js:8:40175)
    at i_ (https://carlosduplar.github.io/eleicoes-2026-monitor/assets/app-CikwzX5k.js:8:35089)
    at P (https://carlosduplar.github.io/eleicoes-2026-monitor/assets/app-CikwzX5k.js:1:84525)
    at MessagePort.D (https://carlosduplar.github.io/eleicoes-2026-monitor/assets/app-CikwzX5k.js:1:84897)
[     127ms] Error: Minified React error #418; visit https://reactjs.org/docs/error-decoder.html?invariant=418 for the full message or use the non-minified dev environment for full errors and additional helpful warnings.
    at mh (https://carlosduplar.github.io/eleicoes-2026-monitor/assets/app-CikwzX5k.js:6:4926)
    at d_ (https://carlosduplar.github.io/eleicoes-2026-monitor/assets/app-CikwzX5k.js:8:46173)
    at l_ (https://carlosduplar.github.io/eleicoes-2026-monitor/assets/app-CikwzX5k.js:8:40203)
    at P2 (https://carlosduplar.github.io/eleicoes-2026-monitor/assets/app-CikwzX5k.js:8:40175)
    at i_ (https://carlosduplar.github.io/eleicoes-2026-monitor/assets/app-CikwzX5k.js:8:35089)
    at P (https://carlosduplar.github.io/eleicoes-2026-monitor/assets/app-CikwzX5k.js:1:84525)
    at MessagePort.D (https://carlosduplar.github.io/eleicoes-2026-monitor/assets/app-CikwzX5k.js:1:84897)
[     128ms] Error: Minified React error #418; visit https://reactjs.org/docs/error-decoder.html?invariant=418 for the full message or use the non-minified dev environment for full errors and additional helpful warnings.
    at mh (https://carlosduplar.github.io/eleicoes-2026-monitor/assets/app-CikwzX5k.js:6:4926)
    at d_ (https://carlosduplar.github.io/eleicoes-2026-monitor/assets/app-CikwzX5k.js:8:46173)
    at l_ (https://carlosduplar.github.io/eleicoes-2026-monitor/assets/app-CikwzX5k.js:8:40203)
    at P2 (https://carlosduplar.github.io/eleicoes-2026-monitor/assets/app-CikwzX5k.js:8:40175)
    at i_ (https://carlosduplar.github.io/eleicoes-2026-monitor/assets/app-CikwzX5k.js:8:35089)
    at P (https://carlosduplar.github.io/eleicoes-2026-monitor/assets/app-CikwzX5k.js:1:84525)
    at MessagePort.D (https://carlosduplar.github.io/eleicoes-2026-monitor/assets/app-CikwzX5k.js:1:84897)
[     128ms] Error: Minified React error #418; visit https://reactjs.org/docs/error-decoder.html?invariant=418 for the full message or use the non-minified dev environment for full errors and additional helpful warnings.
    at mh (https://carlosduplar.github.io/eleicoes-2026-monitor/assets/app-CikwzX5k.js:6:4926)
    at d_ (https://carlosduplar.github.io/eleicoes-2026-monitor/assets/app-CikwzX5k.js:8:46173)
    at l_ (https://carlosduplar.github.io/eleicoes-2026-monitor/assets/app-CikwzX5k.js:8:40203)
    at P2 (https://carlosduplar.github.io/eleicoes-2026-monitor/assets/app-CikwzX5k.js:8:40175)
    at i_ (https://carlosduplar.github.io/eleicoes-2026-monitor/assets/app-CikwzX5k.js:8:35089)
    at P (https://carlosduplar.github.io/eleicoes-2026-monitor/assets/app-CikwzX5k.js:1:84525)
    at MessagePort.D (https://carlosduplar.github.io/eleicoes-2026-monitor/assets/app-CikwzX5k.js:1:84897)
[     129ms] Error: Minified React error #423; visit https://reactjs.org/docs/error-decoder.html?invariant=423 for the full message or use the non-minified dev environment for full errors and additional helpful warnings.
    at d_ (https://carlosduplar.github.io/eleicoes-2026-monitor/assets/app-CikwzX5k.js:8:45832)
    at l_ (https://carlosduplar.github.io/eleicoes-2026-monitor/assets/app-CikwzX5k.js:8:40203)
    at O2 (https://carlosduplar.github.io/eleicoes-2026-monitor/assets/app-CikwzX5k.js:8:40131)
    at Yc (https://carlosduplar.github.io/eleicoes-2026-monitor/assets/app-CikwzX5k.js:8:39984)
    at tm (https://carlosduplar.github.io/eleicoes-2026-monitor/assets/app-CikwzX5k.js:8:36279)
    at i_ (https://carlosduplar.github.io/eleicoes-2026-monitor/assets/app-CikwzX5k.js:8:35227)
    at P (https://carlosduplar.github.io/eleicoes-2026-monitor/assets/app-CikwzX5k.js:1:84525)
    at MessagePort.D (https://carlosduplar.github.io/eleicoes-2026-monitor/assets/app-CikwzX5k.js:1:84897)
[     122ms] [ERROR] Failed to load resource: the server responded with a status of 404 () @ https://carlosduplar.github.io/data/articles.json:0
