[     548ms] [ERROR] Failed to load resource: the server responded with a status of 404 (Not Found) @ http://localhost:5173/data/articles.json:0
[     549ms] [ERROR] Failed to load resource: the server responded with a status of 404 (Not Found) @ http://localhost:5173/data/polls.json:0
[     549ms] [ERROR] Failed to load resource: the server responded with a status of 404 (Not Found) @ http://localhost:5173/data/candidates.json:0
[  137410ms] [ERROR] Warning: Text content did not match. Server: "%s" Client: "%s"%s Ir para o conteúdo principal Skip to main content 
    at a
    at div
    at AppShell (http://localhost:5173/eleicoes-2026-monitor/src/App.jsx?t=1773415062242:44:17)
    at _a (http://localhost:5173/eleicoes-2026-monitor/node_modules/.vite/deps/react-helmet-async.js?v=4066af3f:480:5)
    at RenderedRoute (http://localhost:5173/eleicoes-2026-monitor/node_modules/.vite/deps/chunk-QO6XG2FF.js?v=e8825dbd:4131:5)
    at RenderErrorBoundary (http://localhost:5173/eleicoes-2026-monitor/node_modules/.vite/deps/chunk-QO6XG2FF.js?v=e8825dbd:4091:5)
    at DataRoutes (http://localhost:5173/eleicoes-2026-monitor/node_modules/.vite/deps/chunk-QO6XG2FF.js?v=e8825dbd:5282:5)
    at Router (http://localhost:5173/eleicoes-2026-monitor/node_modules/.vite/deps/chunk-QO6XG2FF.js?v=e8825dbd:4544:15)
    at RouterProvider (http://localhost:5173/eleicoes-2026-monitor/node_modules/.vite/deps/chunk-QO6XG2FF.js?v=e8825dbd:5096:5)
    at r2 (http://localhost:5173/eleicoes-2026-monitor/node_modules/.vite/deps/vite-react-ssg.js?v=400d0c31:260:21) @ http://localhost:5173/eleicoes-2026-monitor/node_modules/.vite/deps/chunk-NUMECXU6.js?v=e8825dbd:520
[  137423ms] [ERROR] Error handled by React Router default ErrorBoundary: Error: Hydration failed because the initial UI does not match what was rendered on the server.
    at throwOnHydrationMismatch (http://localhost:5173/eleicoes-2026-monitor/node_modules/.vite/deps/chunk-NUMECXU6.js?v=e8825dbd:9473:17)
    at tryToClaimNextHydratableInstance (http://localhost:5173/eleicoes-2026-monitor/node_modules/.vite/deps/chunk-NUMECXU6.js?v=e8825dbd:9483:15)
    at updateHostComponent (http://localhost:5173/eleicoes-2026-monitor/node_modules/.vite/deps/chunk-NUMECXU6.js?v=e8825dbd:14794:13)
    at beginWork (http://localhost:5173/eleicoes-2026-monitor/node_modules/.vite/deps/chunk-NUMECXU6.js?v=e8825dbd:15935:22)
    at beginWork$1 (http://localhost:5173/eleicoes-2026-monitor/node_modules/.vite/deps/chunk-NUMECXU6.js?v=e8825dbd:19753:22)
    at performUnitOfWork (http://localhost:5173/eleicoes-2026-monitor/node_modules/.vite/deps/chunk-NUMECXU6.js?v=e8825dbd:19198:20)
    at workLoopConcurrent (http://localhost:5173/eleicoes-2026-monitor/node_modules/.vite/deps/chunk-NUMECXU6.js?v=e8825dbd:19189:13)
    at renderRootConcurrent (http://localhost:5173/eleicoes-2026-monitor/node_modules/.vite/deps/chunk-NUMECXU6.js?v=e8825dbd:19164:15)
    at performConcurrentWorkOnRoot (http://localhost:5173/eleicoes-2026-monitor/node_modules/.vite/deps/chunk-NUMECXU6.js?v=e8825dbd:18678:46)
    at workLoop (http://localhost:5173/eleicoes-2026-monitor/node_modules/.vite/deps/chunk-NUMECXU6.js?v=e8825dbd:197:42) @ http://localhost:5173/eleicoes-2026-monitor/node_modules/.vite/deps/chunk-QO6XG2FF.js?v=e8825dbd:4072
[  137424ms] [ERROR] Warning: An error occurred during hydration. The server HTML was replaced with client content in <%s>. div @ http://localhost:5173/eleicoes-2026-monitor/node_modules/.vite/deps/chunk-NUMECXU6.js?v=e8825dbd:520
[  137447ms] Error: Text content does not match server-rendered HTML.
    at checkForUnmatchedText (http://localhost:5173/eleicoes-2026-monitor/node_modules/.vite/deps/chunk-NUMECXU6.js?v=e8825dbd:7412:19)
    at diffHydratedProperties (http://localhost:5173/eleicoes-2026-monitor/node_modules/.vite/deps/chunk-NUMECXU6.js?v=e8825dbd:7860:21)
    at hydrateInstance (http://localhost:5173/eleicoes-2026-monitor/node_modules/.vite/deps/chunk-NUMECXU6.js?v=e8825dbd:8611:18)
    at prepareToHydrateHostInstance (http://localhost:5173/eleicoes-2026-monitor/node_modules/.vite/deps/chunk-NUMECXU6.js?v=e8825dbd:9510:31)
    at completeWork (http://localhost:5173/eleicoes-2026-monitor/node_modules/.vite/deps/chunk-NUMECXU6.js?v=e8825dbd:16286:23)
    at completeUnitOfWork (http://localhost:5173/eleicoes-2026-monitor/node_modules/.vite/deps/chunk-NUMECXU6.js?v=e8825dbd:19224:24)
    at performUnitOfWork (http://localhost:5173/eleicoes-2026-monitor/node_modules/.vite/deps/chunk-NUMECXU6.js?v=e8825dbd:19206:13)
    at workLoopConcurrent (http://localhost:5173/eleicoes-2026-monitor/node_modules/.vite/deps/chunk-NUMECXU6.js?v=e8825dbd:19189:13)
    at renderRootConcurrent (http://localhost:5173/eleicoes-2026-monitor/node_modules/.vite/deps/chunk-NUMECXU6.js?v=e8825dbd:19164:15)
    at performConcurrentWorkOnRoot (http://localhost:5173/eleicoes-2026-monitor/node_modules/.vite/deps/chunk-NUMECXU6.js?v=e8825dbd:18678:46)
[  137448ms] Error: Text content does not match server-rendered HTML.
    at checkForUnmatchedText (http://localhost:5173/eleicoes-2026-monitor/node_modules/.vite/deps/chunk-NUMECXU6.js?v=e8825dbd:7412:19)
    at diffHydratedProperties (http://localhost:5173/eleicoes-2026-monitor/node_modules/.vite/deps/chunk-NUMECXU6.js?v=e8825dbd:7860:21)
    at hydrateInstance (http://localhost:5173/eleicoes-2026-monitor/node_modules/.vite/deps/chunk-NUMECXU6.js?v=e8825dbd:8611:18)
    at prepareToHydrateHostInstance (http://localhost:5173/eleicoes-2026-monitor/node_modules/.vite/deps/chunk-NUMECXU6.js?v=e8825dbd:9510:31)
    at completeWork (http://localhost:5173/eleicoes-2026-monitor/node_modules/.vite/deps/chunk-NUMECXU6.js?v=e8825dbd:16286:23)
    at completeUnitOfWork (http://localhost:5173/eleicoes-2026-monitor/node_modules/.vite/deps/chunk-NUMECXU6.js?v=e8825dbd:19224:24)
    at performUnitOfWork (http://localhost:5173/eleicoes-2026-monitor/node_modules/.vite/deps/chunk-NUMECXU6.js?v=e8825dbd:19206:13)
    at workLoopConcurrent (http://localhost:5173/eleicoes-2026-monitor/node_modules/.vite/deps/chunk-NUMECXU6.js?v=e8825dbd:19189:13)
    at renderRootConcurrent (http://localhost:5173/eleicoes-2026-monitor/node_modules/.vite/deps/chunk-NUMECXU6.js?v=e8825dbd:19164:15)
    at performConcurrentWorkOnRoot (http://localhost:5173/eleicoes-2026-monitor/node_modules/.vite/deps/chunk-NUMECXU6.js?v=e8825dbd:18678:46)
[  137449ms] Error: Text content does not match server-rendered HTML.
    at checkForUnmatchedText (http://localhost:5173/eleicoes-2026-monitor/node_modules/.vite/deps/chunk-NUMECXU6.js?v=e8825dbd:7412:19)
    at diffHydratedProperties (http://localhost:5173/eleicoes-2026-monitor/node_modules/.vite/deps/chunk-NUMECXU6.js?v=e8825dbd:7860:21)
    at hydrateInstance (http://localhost:5173/eleicoes-2026-monitor/node_modules/.vite/deps/chunk-NUMECXU6.js?v=e8825dbd:8611:18)
    at prepareToHydrateHostInstance (http://localhost:5173/eleicoes-2026-monitor/node_modules/.vite/deps/chunk-NUMECXU6.js?v=e8825dbd:9510:31)
    at completeWork (http://localhost:5173/eleicoes-2026-monitor/node_modules/.vite/deps/chunk-NUMECXU6.js?v=e8825dbd:16286:23)
    at completeUnitOfWork (http://localhost:5173/eleicoes-2026-monitor/node_modules/.vite/deps/chunk-NUMECXU6.js?v=e8825dbd:19224:24)
    at performUnitOfWork (http://localhost:5173/eleicoes-2026-monitor/node_modules/.vite/deps/chunk-NUMECXU6.js?v=e8825dbd:19206:13)
    at workLoopConcurrent (http://localhost:5173/eleicoes-2026-monitor/node_modules/.vite/deps/chunk-NUMECXU6.js?v=e8825dbd:19189:13)
    at renderRootConcurrent (http://localhost:5173/eleicoes-2026-monitor/node_modules/.vite/deps/chunk-NUMECXU6.js?v=e8825dbd:19164:15)
    at performConcurrentWorkOnRoot (http://localhost:5173/eleicoes-2026-monitor/node_modules/.vite/deps/chunk-NUMECXU6.js?v=e8825dbd:18678:46)
[  137450ms] Error: Text content does not match server-rendered HTML.
    at checkForUnmatchedText (http://localhost:5173/eleicoes-2026-monitor/node_modules/.vite/deps/chunk-NUMECXU6.js?v=e8825dbd:7412:19)
    at diffHydratedProperties (http://localhost:5173/eleicoes-2026-monitor/node_modules/.vite/deps/chunk-NUMECXU6.js?v=e8825dbd:7860:21)
    at hydrateInstance (http://localhost:5173/eleicoes-2026-monitor/node_modules/.vite/deps/chunk-NUMECXU6.js?v=e8825dbd:8611:18)
    at prepareToHydrateHostInstance (http://localhost:5173/eleicoes-2026-monitor/node_modules/.vite/deps/chunk-NUMECXU6.js?v=e8825dbd:9510:31)
    at completeWork (http://localhost:5173/eleicoes-2026-monitor/node_modules/.vite/deps/chunk-NUMECXU6.js?v=e8825dbd:16286:23)
    at completeUnitOfWork (http://localhost:5173/eleicoes-2026-monitor/node_modules/.vite/deps/chunk-NUMECXU6.js?v=e8825dbd:19224:24)
    at performUnitOfWork (http://localhost:5173/eleicoes-2026-monitor/node_modules/.vite/deps/chunk-NUMECXU6.js?v=e8825dbd:19206:13)
    at workLoopConcurrent (http://localhost:5173/eleicoes-2026-monitor/node_modules/.vite/deps/chunk-NUMECXU6.js?v=e8825dbd:19189:13)
    at renderRootConcurrent (http://localhost:5173/eleicoes-2026-monitor/node_modules/.vite/deps/chunk-NUMECXU6.js?v=e8825dbd:19164:15)
    at performConcurrentWorkOnRoot (http://localhost:5173/eleicoes-2026-monitor/node_modules/.vite/deps/chunk-NUMECXU6.js?v=e8825dbd:18678:46)
[  137450ms] Error: Text content does not match server-rendered HTML.
    at checkForUnmatchedText (http://localhost:5173/eleicoes-2026-monitor/node_modules/.vite/deps/chunk-NUMECXU6.js?v=e8825dbd:7412:19)
    at diffHydratedProperties (http://localhost:5173/eleicoes-2026-monitor/node_modules/.vite/deps/chunk-NUMECXU6.js?v=e8825dbd:7860:21)
    at hydrateInstance (http://localhost:5173/eleicoes-2026-monitor/node_modules/.vite/deps/chunk-NUMECXU6.js?v=e8825dbd:8611:18)
    at prepareToHydrateHostInstance (http://localhost:5173/eleicoes-2026-monitor/node_modules/.vite/deps/chunk-NUMECXU6.js?v=e8825dbd:9510:31)
    at completeWork (http://localhost:5173/eleicoes-2026-monitor/node_modules/.vite/deps/chunk-NUMECXU6.js?v=e8825dbd:16286:23)
    at completeUnitOfWork (http://localhost:5173/eleicoes-2026-monitor/node_modules/.vite/deps/chunk-NUMECXU6.js?v=e8825dbd:19224:24)
    at performUnitOfWork (http://localhost:5173/eleicoes-2026-monitor/node_modules/.vite/deps/chunk-NUMECXU6.js?v=e8825dbd:19206:13)
    at workLoopConcurrent (http://localhost:5173/eleicoes-2026-monitor/node_modules/.vite/deps/chunk-NUMECXU6.js?v=e8825dbd:19189:13)
    at renderRootConcurrent (http://localhost:5173/eleicoes-2026-monitor/node_modules/.vite/deps/chunk-NUMECXU6.js?v=e8825dbd:19164:15)
    at performConcurrentWorkOnRoot (http://localhost:5173/eleicoes-2026-monitor/node_modules/.vite/deps/chunk-NUMECXU6.js?v=e8825dbd:18678:46)
[  137452ms] Error: Text content does not match server-rendered HTML.
    at checkForUnmatchedText (http://localhost:5173/eleicoes-2026-monitor/node_modules/.vite/deps/chunk-NUMECXU6.js?v=e8825dbd:7412:19)
    at diffHydratedProperties (http://localhost:5173/eleicoes-2026-monitor/node_modules/.vite/deps/chunk-NUMECXU6.js?v=e8825dbd:7860:21)
    at hydrateInstance (http://localhost:5173/eleicoes-2026-monitor/node_modules/.vite/deps/chunk-NUMECXU6.js?v=e8825dbd:8611:18)
    at prepareToHydrateHostInstance (http://localhost:5173/eleicoes-2026-monitor/node_modules/.vite/deps/chunk-NUMECXU6.js?v=e8825dbd:9510:31)
    at completeWork (http://localhost:5173/eleicoes-2026-monitor/node_modules/.vite/deps/chunk-NUMECXU6.js?v=e8825dbd:16286:23)
    at completeUnitOfWork (http://localhost:5173/eleicoes-2026-monitor/node_modules/.vite/deps/chunk-NUMECXU6.js?v=e8825dbd:19224:24)
    at performUnitOfWork (http://localhost:5173/eleicoes-2026-monitor/node_modules/.vite/deps/chunk-NUMECXU6.js?v=e8825dbd:19206:13)
    at workLoopConcurrent (http://localhost:5173/eleicoes-2026-monitor/node_modules/.vite/deps/chunk-NUMECXU6.js?v=e8825dbd:19189:13)
    at renderRootConcurrent (http://localhost:5173/eleicoes-2026-monitor/node_modules/.vite/deps/chunk-NUMECXU6.js?v=e8825dbd:19164:15)
    at performConcurrentWorkOnRoot (http://localhost:5173/eleicoes-2026-monitor/node_modules/.vite/deps/chunk-NUMECXU6.js?v=e8825dbd:18678:46)
[  137452ms] Error: Text content does not match server-rendered HTML.
    at checkForUnmatchedText (http://localhost:5173/eleicoes-2026-monitor/node_modules/.vite/deps/chunk-NUMECXU6.js?v=e8825dbd:7412:19)
    at diffHydratedProperties (http://localhost:5173/eleicoes-2026-monitor/node_modules/.vite/deps/chunk-NUMECXU6.js?v=e8825dbd:7860:21)
    at hydrateInstance (http://localhost:5173/eleicoes-2026-monitor/node_modules/.vite/deps/chunk-NUMECXU6.js?v=e8825dbd:8611:18)
    at prepareToHydrateHostInstance (http://localhost:5173/eleicoes-2026-monitor/node_modules/.vite/deps/chunk-NUMECXU6.js?v=e8825dbd:9510:31)
    at completeWork (http://localhost:5173/eleicoes-2026-monitor/node_modules/.vite/deps/chunk-NUMECXU6.js?v=e8825dbd:16286:23)
    at completeUnitOfWork (http://localhost:5173/eleicoes-2026-monitor/node_modules/.vite/deps/chunk-NUMECXU6.js?v=e8825dbd:19224:24)
    at performUnitOfWork (http://localhost:5173/eleicoes-2026-monitor/node_modules/.vite/deps/chunk-NUMECXU6.js?v=e8825dbd:19206:13)
    at workLoopConcurrent (http://localhost:5173/eleicoes-2026-monitor/node_modules/.vite/deps/chunk-NUMECXU6.js?v=e8825dbd:19189:13)
    at renderRootConcurrent (http://localhost:5173/eleicoes-2026-monitor/node_modules/.vite/deps/chunk-NUMECXU6.js?v=e8825dbd:19164:15)
    at performConcurrentWorkOnRoot (http://localhost:5173/eleicoes-2026-monitor/node_modules/.vite/deps/chunk-NUMECXU6.js?v=e8825dbd:18678:46)
[  137453ms] Error: Text content does not match server-rendered HTML.
    at checkForUnmatchedText (http://localhost:5173/eleicoes-2026-monitor/node_modules/.vite/deps/chunk-NUMECXU6.js?v=e8825dbd:7412:19)
    at diffHydratedProperties (http://localhost:5173/eleicoes-2026-monitor/node_modules/.vite/deps/chunk-NUMECXU6.js?v=e8825dbd:7860:21)
    at hydrateInstance (http://localhost:5173/eleicoes-2026-monitor/node_modules/.vite/deps/chunk-NUMECXU6.js?v=e8825dbd:8611:18)
    at prepareToHydrateHostInstance (http://localhost:5173/eleicoes-2026-monitor/node_modules/.vite/deps/chunk-NUMECXU6.js?v=e8825dbd:9510:31)
    at completeWork (http://localhost:5173/eleicoes-2026-monitor/node_modules/.vite/deps/chunk-NUMECXU6.js?v=e8825dbd:16286:23)
    at completeUnitOfWork (http://localhost:5173/eleicoes-2026-monitor/node_modules/.vite/deps/chunk-NUMECXU6.js?v=e8825dbd:19224:24)
    at performUnitOfWork (http://localhost:5173/eleicoes-2026-monitor/node_modules/.vite/deps/chunk-NUMECXU6.js?v=e8825dbd:19206:13)
    at workLoopConcurrent (http://localhost:5173/eleicoes-2026-monitor/node_modules/.vite/deps/chunk-NUMECXU6.js?v=e8825dbd:19189:13)
    at renderRootConcurrent (http://localhost:5173/eleicoes-2026-monitor/node_modules/.vite/deps/chunk-NUMECXU6.js?v=e8825dbd:19164:15)
    at performConcurrentWorkOnRoot (http://localhost:5173/eleicoes-2026-monitor/node_modules/.vite/deps/chunk-NUMECXU6.js?v=e8825dbd:18678:46)
[  137454ms] Error: Hydration failed because the initial UI does not match what was rendered on the server.
    at throwOnHydrationMismatch (http://localhost:5173/eleicoes-2026-monitor/node_modules/.vite/deps/chunk-NUMECXU6.js?v=e8825dbd:9473:17)
    at tryToClaimNextHydratableInstance (http://localhost:5173/eleicoes-2026-monitor/node_modules/.vite/deps/chunk-NUMECXU6.js?v=e8825dbd:9483:15)
    at updateHostComponent (http://localhost:5173/eleicoes-2026-monitor/node_modules/.vite/deps/chunk-NUMECXU6.js?v=e8825dbd:14794:13)
    at beginWork (http://localhost:5173/eleicoes-2026-monitor/node_modules/.vite/deps/chunk-NUMECXU6.js?v=e8825dbd:15935:22)
    at beginWork$1 (http://localhost:5173/eleicoes-2026-monitor/node_modules/.vite/deps/chunk-NUMECXU6.js?v=e8825dbd:19753:22)
    at performUnitOfWork (http://localhost:5173/eleicoes-2026-monitor/node_modules/.vite/deps/chunk-NUMECXU6.js?v=e8825dbd:19198:20)
    at workLoopConcurrent (http://localhost:5173/eleicoes-2026-monitor/node_modules/.vite/deps/chunk-NUMECXU6.js?v=e8825dbd:19189:13)
    at renderRootConcurrent (http://localhost:5173/eleicoes-2026-monitor/node_modules/.vite/deps/chunk-NUMECXU6.js?v=e8825dbd:19164:15)
    at performConcurrentWorkOnRoot (http://localhost:5173/eleicoes-2026-monitor/node_modules/.vite/deps/chunk-NUMECXU6.js?v=e8825dbd:18678:46)
    at workLoop (http://localhost:5173/eleicoes-2026-monitor/node_modules/.vite/deps/chunk-NUMECXU6.js?v=e8825dbd:197:42)
[  137455ms] Error: Hydration failed because the initial UI does not match what was rendered on the server.
    at throwOnHydrationMismatch (http://localhost:5173/eleicoes-2026-monitor/node_modules/.vite/deps/chunk-NUMECXU6.js?v=e8825dbd:9473:17)
    at tryToClaimNextHydratableInstance (http://localhost:5173/eleicoes-2026-monitor/node_modules/.vite/deps/chunk-NUMECXU6.js?v=e8825dbd:9483:15)
    at updateHostComponent (http://localhost:5173/eleicoes-2026-monitor/node_modules/.vite/deps/chunk-NUMECXU6.js?v=e8825dbd:14794:13)
    at beginWork (http://localhost:5173/eleicoes-2026-monitor/node_modules/.vite/deps/chunk-NUMECXU6.js?v=e8825dbd:15935:22)
    at beginWork$1 (http://localhost:5173/eleicoes-2026-monitor/node_modules/.vite/deps/chunk-NUMECXU6.js?v=e8825dbd:19753:22)
    at performUnitOfWork (http://localhost:5173/eleicoes-2026-monitor/node_modules/.vite/deps/chunk-NUMECXU6.js?v=e8825dbd:19198:20)
    at workLoopConcurrent (http://localhost:5173/eleicoes-2026-monitor/node_modules/.vite/deps/chunk-NUMECXU6.js?v=e8825dbd:19189:13)
    at renderRootConcurrent (http://localhost:5173/eleicoes-2026-monitor/node_modules/.vite/deps/chunk-NUMECXU6.js?v=e8825dbd:19164:15)
    at performConcurrentWorkOnRoot (http://localhost:5173/eleicoes-2026-monitor/node_modules/.vite/deps/chunk-NUMECXU6.js?v=e8825dbd:18678:46)
    at workLoop (http://localhost:5173/eleicoes-2026-monitor/node_modules/.vite/deps/chunk-NUMECXU6.js?v=e8825dbd:197:42)
[  137456ms] Error: Hydration failed because the initial UI does not match what was rendered on the server.
    at throwOnHydrationMismatch (http://localhost:5173/eleicoes-2026-monitor/node_modules/.vite/deps/chunk-NUMECXU6.js?v=e8825dbd:9473:17)
    at tryToClaimNextHydratableInstance (http://localhost:5173/eleicoes-2026-monitor/node_modules/.vite/deps/chunk-NUMECXU6.js?v=e8825dbd:9483:15)
    at updateHostComponent (http://localhost:5173/eleicoes-2026-monitor/node_modules/.vite/deps/chunk-NUMECXU6.js?v=e8825dbd:14794:13)
    at beginWork (http://localhost:5173/eleicoes-2026-monitor/node_modules/.vite/deps/chunk-NUMECXU6.js?v=e8825dbd:15935:22)
    at beginWork$1 (http://localhost:5173/eleicoes-2026-monitor/node_modules/.vite/deps/chunk-NUMECXU6.js?v=e8825dbd:19753:22)
    at performUnitOfWork (http://localhost:5173/eleicoes-2026-monitor/node_modules/.vite/deps/chunk-NUMECXU6.js?v=e8825dbd:19198:20)
    at workLoopConcurrent (http://localhost:5173/eleicoes-2026-monitor/node_modules/.vite/deps/chunk-NUMECXU6.js?v=e8825dbd:19189:13)
    at renderRootConcurrent (http://localhost:5173/eleicoes-2026-monitor/node_modules/.vite/deps/chunk-NUMECXU6.js?v=e8825dbd:19164:15)
    at performConcurrentWorkOnRoot (http://localhost:5173/eleicoes-2026-monitor/node_modules/.vite/deps/chunk-NUMECXU6.js?v=e8825dbd:18678:46)
    at workLoop (http://localhost:5173/eleicoes-2026-monitor/node_modules/.vite/deps/chunk-NUMECXU6.js?v=e8825dbd:197:42)
[  137456ms] Error: Hydration failed because the initial UI does not match what was rendered on the server.
    at throwOnHydrationMismatch (http://localhost:5173/eleicoes-2026-monitor/node_modules/.vite/deps/chunk-NUMECXU6.js?v=e8825dbd:9473:17)
    at tryToClaimNextHydratableInstance (http://localhost:5173/eleicoes-2026-monitor/node_modules/.vite/deps/chunk-NUMECXU6.js?v=e8825dbd:9483:15)
    at updateHostComponent (http://localhost:5173/eleicoes-2026-monitor/node_modules/.vite/deps/chunk-NUMECXU6.js?v=e8825dbd:14794:13)
    at beginWork (http://localhost:5173/eleicoes-2026-monitor/node_modules/.vite/deps/chunk-NUMECXU6.js?v=e8825dbd:15935:22)
    at beginWork$1 (http://localhost:5173/eleicoes-2026-monitor/node_modules/.vite/deps/chunk-NUMECXU6.js?v=e8825dbd:19753:22)
    at performUnitOfWork (http://localhost:5173/eleicoes-2026-monitor/node_modules/.vite/deps/chunk-NUMECXU6.js?v=e8825dbd:19198:20)
    at workLoopConcurrent (http://localhost:5173/eleicoes-2026-monitor/node_modules/.vite/deps/chunk-NUMECXU6.js?v=e8825dbd:19189:13)
    at renderRootConcurrent (http://localhost:5173/eleicoes-2026-monitor/node_modules/.vite/deps/chunk-NUMECXU6.js?v=e8825dbd:19164:15)
    at performConcurrentWorkOnRoot (http://localhost:5173/eleicoes-2026-monitor/node_modules/.vite/deps/chunk-NUMECXU6.js?v=e8825dbd:18678:46)
    at workLoop (http://localhost:5173/eleicoes-2026-monitor/node_modules/.vite/deps/chunk-NUMECXU6.js?v=e8825dbd:197:42)
[  137457ms] Error: Hydration failed because the initial UI does not match what was rendered on the server.
    at throwOnHydrationMismatch (http://localhost:5173/eleicoes-2026-monitor/node_modules/.vite/deps/chunk-NUMECXU6.js?v=e8825dbd:9473:17)
    at tryToClaimNextHydratableInstance (http://localhost:5173/eleicoes-2026-monitor/node_modules/.vite/deps/chunk-NUMECXU6.js?v=e8825dbd:9483:15)
    at updateHostComponent (http://localhost:5173/eleicoes-2026-monitor/node_modules/.vite/deps/chunk-NUMECXU6.js?v=e8825dbd:14794:13)
    at beginWork (http://localhost:5173/eleicoes-2026-monitor/node_modules/.vite/deps/chunk-NUMECXU6.js?v=e8825dbd:15935:22)
    at beginWork$1 (http://localhost:5173/eleicoes-2026-monitor/node_modules/.vite/deps/chunk-NUMECXU6.js?v=e8825dbd:19753:22)
    at performUnitOfWork (http://localhost:5173/eleicoes-2026-monitor/node_modules/.vite/deps/chunk-NUMECXU6.js?v=e8825dbd:19198:20)
    at workLoopConcurrent (http://localhost:5173/eleicoes-2026-monitor/node_modules/.vite/deps/chunk-NUMECXU6.js?v=e8825dbd:19189:13)
    at renderRootConcurrent (http://localhost:5173/eleicoes-2026-monitor/node_modules/.vite/deps/chunk-NUMECXU6.js?v=e8825dbd:19164:15)
    at performConcurrentWorkOnRoot (http://localhost:5173/eleicoes-2026-monitor/node_modules/.vite/deps/chunk-NUMECXU6.js?v=e8825dbd:18678:46)
    at workLoop (http://localhost:5173/eleicoes-2026-monitor/node_modules/.vite/deps/chunk-NUMECXU6.js?v=e8825dbd:197:42)
[  137458ms] Error: Hydration failed because the initial UI does not match what was rendered on the server.
    at throwOnHydrationMismatch (http://localhost:5173/eleicoes-2026-monitor/node_modules/.vite/deps/chunk-NUMECXU6.js?v=e8825dbd:9473:17)
    at tryToClaimNextHydratableInstance (http://localhost:5173/eleicoes-2026-monitor/node_modules/.vite/deps/chunk-NUMECXU6.js?v=e8825dbd:9483:15)
    at updateHostComponent (http://localhost:5173/eleicoes-2026-monitor/node_modules/.vite/deps/chunk-NUMECXU6.js?v=e8825dbd:14794:13)
    at beginWork (http://localhost:5173/eleicoes-2026-monitor/node_modules/.vite/deps/chunk-NUMECXU6.js?v=e8825dbd:15935:22)
    at beginWork$1 (http://localhost:5173/eleicoes-2026-monitor/node_modules/.vite/deps/chunk-NUMECXU6.js?v=e8825dbd:19753:22)
    at performUnitOfWork (http://localhost:5173/eleicoes-2026-monitor/node_modules/.vite/deps/chunk-NUMECXU6.js?v=e8825dbd:19198:20)
    at workLoopConcurrent (http://localhost:5173/eleicoes-2026-monitor/node_modules/.vite/deps/chunk-NUMECXU6.js?v=e8825dbd:19189:13)
    at renderRootConcurrent (http://localhost:5173/eleicoes-2026-monitor/node_modules/.vite/deps/chunk-NUMECXU6.js?v=e8825dbd:19164:15)
    at performConcurrentWorkOnRoot (http://localhost:5173/eleicoes-2026-monitor/node_modules/.vite/deps/chunk-NUMECXU6.js?v=e8825dbd:18678:46)
    at workLoop (http://localhost:5173/eleicoes-2026-monitor/node_modules/.vite/deps/chunk-NUMECXU6.js?v=e8825dbd:197:42)
[  137458ms] Error: Hydration failed because the initial UI does not match what was rendered on the server.
    at throwOnHydrationMismatch (http://localhost:5173/eleicoes-2026-monitor/node_modules/.vite/deps/chunk-NUMECXU6.js?v=e8825dbd:9473:17)
    at tryToClaimNextHydratableInstance (http://localhost:5173/eleicoes-2026-monitor/node_modules/.vite/deps/chunk-NUMECXU6.js?v=e8825dbd:9483:15)
    at updateHostComponent (http://localhost:5173/eleicoes-2026-monitor/node_modules/.vite/deps/chunk-NUMECXU6.js?v=e8825dbd:14794:13)
    at beginWork (http://localhost:5173/eleicoes-2026-monitor/node_modules/.vite/deps/chunk-NUMECXU6.js?v=e8825dbd:15935:22)
    at beginWork$1 (http://localhost:5173/eleicoes-2026-monitor/node_modules/.vite/deps/chunk-NUMECXU6.js?v=e8825dbd:19753:22)
    at performUnitOfWork (http://localhost:5173/eleicoes-2026-monitor/node_modules/.vite/deps/chunk-NUMECXU6.js?v=e8825dbd:19198:20)
    at workLoopConcurrent (http://localhost:5173/eleicoes-2026-monitor/node_modules/.vite/deps/chunk-NUMECXU6.js?v=e8825dbd:19189:13)
    at renderRootConcurrent (http://localhost:5173/eleicoes-2026-monitor/node_modules/.vite/deps/chunk-NUMECXU6.js?v=e8825dbd:19164:15)
    at performConcurrentWorkOnRoot (http://localhost:5173/eleicoes-2026-monitor/node_modules/.vite/deps/chunk-NUMECXU6.js?v=e8825dbd:18678:46)
    at workLoop (http://localhost:5173/eleicoes-2026-monitor/node_modules/.vite/deps/chunk-NUMECXU6.js?v=e8825dbd:197:42)
[  137459ms] Error: Hydration failed because the initial UI does not match what was rendered on the server.
    at throwOnHydrationMismatch (http://localhost:5173/eleicoes-2026-monitor/node_modules/.vite/deps/chunk-NUMECXU6.js?v=e8825dbd:9473:17)
    at tryToClaimNextHydratableInstance (http://localhost:5173/eleicoes-2026-monitor/node_modules/.vite/deps/chunk-NUMECXU6.js?v=e8825dbd:9483:15)
    at updateHostComponent (http://localhost:5173/eleicoes-2026-monitor/node_modules/.vite/deps/chunk-NUMECXU6.js?v=e8825dbd:14794:13)
    at beginWork (http://localhost:5173/eleicoes-2026-monitor/node_modules/.vite/deps/chunk-NUMECXU6.js?v=e8825dbd:15935:22)
    at beginWork$1 (http://localhost:5173/eleicoes-2026-monitor/node_modules/.vite/deps/chunk-NUMECXU6.js?v=e8825dbd:19753:22)
    at performUnitOfWork (http://localhost:5173/eleicoes-2026-monitor/node_modules/.vite/deps/chunk-NUMECXU6.js?v=e8825dbd:19198:20)
    at workLoopConcurrent (http://localhost:5173/eleicoes-2026-monitor/node_modules/.vite/deps/chunk-NUMECXU6.js?v=e8825dbd:19189:13)
    at renderRootConcurrent (http://localhost:5173/eleicoes-2026-monitor/node_modules/.vite/deps/chunk-NUMECXU6.js?v=e8825dbd:19164:15)
    at performConcurrentWorkOnRoot (http://localhost:5173/eleicoes-2026-monitor/node_modules/.vite/deps/chunk-NUMECXU6.js?v=e8825dbd:18678:46)
    at workLoop (http://localhost:5173/eleicoes-2026-monitor/node_modules/.vite/deps/chunk-NUMECXU6.js?v=e8825dbd:197:42)
[  137459ms] Error: Hydration failed because the initial UI does not match what was rendered on the server.
    at throwOnHydrationMismatch (http://localhost:5173/eleicoes-2026-monitor/node_modules/.vite/deps/chunk-NUMECXU6.js?v=e8825dbd:9473:17)
    at tryToClaimNextHydratableInstance (http://localhost:5173/eleicoes-2026-monitor/node_modules/.vite/deps/chunk-NUMECXU6.js?v=e8825dbd:9483:15)
    at updateHostComponent (http://localhost:5173/eleicoes-2026-monitor/node_modules/.vite/deps/chunk-NUMECXU6.js?v=e8825dbd:14794:13)
    at beginWork (http://localhost:5173/eleicoes-2026-monitor/node_modules/.vite/deps/chunk-NUMECXU6.js?v=e8825dbd:15935:22)
    at beginWork$1 (http://localhost:5173/eleicoes-2026-monitor/node_modules/.vite/deps/chunk-NUMECXU6.js?v=e8825dbd:19753:22)
    at performUnitOfWork (http://localhost:5173/eleicoes-2026-monitor/node_modules/.vite/deps/chunk-NUMECXU6.js?v=e8825dbd:19198:20)
    at workLoopConcurrent (http://localhost:5173/eleicoes-2026-monitor/node_modules/.vite/deps/chunk-NUMECXU6.js?v=e8825dbd:19189:13)
    at renderRootConcurrent (http://localhost:5173/eleicoes-2026-monitor/node_modules/.vite/deps/chunk-NUMECXU6.js?v=e8825dbd:19164:15)
    at performConcurrentWorkOnRoot (http://localhost:5173/eleicoes-2026-monitor/node_modules/.vite/deps/chunk-NUMECXU6.js?v=e8825dbd:18678:46)
    at workLoop (http://localhost:5173/eleicoes-2026-monitor/node_modules/.vite/deps/chunk-NUMECXU6.js?v=e8825dbd:197:42)
[  137460ms] Error: Hydration failed because the initial UI does not match what was rendered on the server.
    at throwOnHydrationMismatch (http://localhost:5173/eleicoes-2026-monitor/node_modules/.vite/deps/chunk-NUMECXU6.js?v=e8825dbd:9473:17)
    at tryToClaimNextHydratableInstance (http://localhost:5173/eleicoes-2026-monitor/node_modules/.vite/deps/chunk-NUMECXU6.js?v=e8825dbd:9483:15)
    at updateHostComponent (http://localhost:5173/eleicoes-2026-monitor/node_modules/.vite/deps/chunk-NUMECXU6.js?v=e8825dbd:14794:13)
    at beginWork (http://localhost:5173/eleicoes-2026-monitor/node_modules/.vite/deps/chunk-NUMECXU6.js?v=e8825dbd:15935:22)
    at beginWork$1 (http://localhost:5173/eleicoes-2026-monitor/node_modules/.vite/deps/chunk-NUMECXU6.js?v=e8825dbd:19753:22)
    at performUnitOfWork (http://localhost:5173/eleicoes-2026-monitor/node_modules/.vite/deps/chunk-NUMECXU6.js?v=e8825dbd:19198:20)
    at workLoopConcurrent (http://localhost:5173/eleicoes-2026-monitor/node_modules/.vite/deps/chunk-NUMECXU6.js?v=e8825dbd:19189:13)
    at renderRootConcurrent (http://localhost:5173/eleicoes-2026-monitor/node_modules/.vite/deps/chunk-NUMECXU6.js?v=e8825dbd:19164:15)
    at performConcurrentWorkOnRoot (http://localhost:5173/eleicoes-2026-monitor/node_modules/.vite/deps/chunk-NUMECXU6.js?v=e8825dbd:18678:46)
    at workLoop (http://localhost:5173/eleicoes-2026-monitor/node_modules/.vite/deps/chunk-NUMECXU6.js?v=e8825dbd:197:42)
[  137460ms] Error: There was an error while hydrating. Because the error happened outside of a Suspense boundary, the entire root will switch to client rendering.
    at updateHostRoot (http://localhost:5173/eleicoes-2026-monitor/node_modules/.vite/deps/chunk-NUMECXU6.js?v=e8825dbd:14760:65)
    at beginWork (http://localhost:5173/eleicoes-2026-monitor/node_modules/.vite/deps/chunk-NUMECXU6.js?v=e8825dbd:15933:22)
    at beginWork$1 (http://localhost:5173/eleicoes-2026-monitor/node_modules/.vite/deps/chunk-NUMECXU6.js?v=e8825dbd:19753:22)
    at performUnitOfWork (http://localhost:5173/eleicoes-2026-monitor/node_modules/.vite/deps/chunk-NUMECXU6.js?v=e8825dbd:19198:20)
    at workLoopSync (http://localhost:5173/eleicoes-2026-monitor/node_modules/.vite/deps/chunk-NUMECXU6.js?v=e8825dbd:19137:13)
    at renderRootSync (http://localhost:5173/eleicoes-2026-monitor/node_modules/.vite/deps/chunk-NUMECXU6.js?v=e8825dbd:19116:15)
    at recoverFromConcurrentError (http://localhost:5173/eleicoes-2026-monitor/node_modules/.vite/deps/chunk-NUMECXU6.js?v=e8825dbd:18736:28)
    at performConcurrentWorkOnRoot (http://localhost:5173/eleicoes-2026-monitor/node_modules/.vite/deps/chunk-NUMECXU6.js?v=e8825dbd:18684:30)
    at workLoop (http://localhost:5173/eleicoes-2026-monitor/node_modules/.vite/deps/chunk-NUMECXU6.js?v=e8825dbd:197:42)
    at flushWork (http://localhost:5173/eleicoes-2026-monitor/node_modules/.vite/deps/chunk-NUMECXU6.js?v=e8825dbd:176:22)
[  138536ms] [ERROR] Warning: Text content did not match. Server: "%s" Client: "%s"%s Ir para o conteúdo principal Skip to main content 
    at a
    at div
    at AppShell (http://localhost:5173/eleicoes-2026-monitor/src/App.jsx?t=1773415063406:44:17)
    at _a (http://localhost:5173/eleicoes-2026-monitor/node_modules/.vite/deps/react-helmet-async.js?v=4066af3f:480:5)
    at RenderedRoute (http://localhost:5173/eleicoes-2026-monitor/node_modules/.vite/deps/chunk-QO6XG2FF.js?v=e8825dbd:4131:5)
    at RenderErrorBoundary (http://localhost:5173/eleicoes-2026-monitor/node_modules/.vite/deps/chunk-QO6XG2FF.js?v=e8825dbd:4091:5)
    at DataRoutes (http://localhost:5173/eleicoes-2026-monitor/node_modules/.vite/deps/chunk-QO6XG2FF.js?v=e8825dbd:5282:5)
    at Router (http://localhost:5173/eleicoes-2026-monitor/node_modules/.vite/deps/chunk-QO6XG2FF.js?v=e8825dbd:4544:15)
    at RouterProvider (http://localhost:5173/eleicoes-2026-monitor/node_modules/.vite/deps/chunk-QO6XG2FF.js?v=e8825dbd:5096:5)
    at r2 (http://localhost:5173/eleicoes-2026-monitor/node_modules/.vite/deps/vite-react-ssg.js?v=400d0c31:260:21) @ http://localhost:5173/eleicoes-2026-monitor/node_modules/.vite/deps/chunk-NUMECXU6.js?v=e8825dbd:520
[  138544ms] [ERROR] Error handled by React Router default ErrorBoundary: Error: Hydration failed because the initial UI does not match what was rendered on the server.
    at throwOnHydrationMismatch (http://localhost:5173/eleicoes-2026-monitor/node_modules/.vite/deps/chunk-NUMECXU6.js?v=e8825dbd:9473:17)
    at tryToClaimNextHydratableInstance (http://localhost:5173/eleicoes-2026-monitor/node_modules/.vite/deps/chunk-NUMECXU6.js?v=e8825dbd:9483:15)
    at updateHostComponent (http://localhost:5173/eleicoes-2026-monitor/node_modules/.vite/deps/chunk-NUMECXU6.js?v=e8825dbd:14794:13)
    at beginWork (http://localhost:5173/eleicoes-2026-monitor/node_modules/.vite/deps/chunk-NUMECXU6.js?v=e8825dbd:15935:22)
    at beginWork$1 (http://localhost:5173/eleicoes-2026-monitor/node_modules/.vite/deps/chunk-NUMECXU6.js?v=e8825dbd:19753:22)
    at performUnitOfWork (http://localhost:5173/eleicoes-2026-monitor/node_modules/.vite/deps/chunk-NUMECXU6.js?v=e8825dbd:19198:20)
    at workLoopConcurrent (http://localhost:5173/eleicoes-2026-monitor/node_modules/.vite/deps/chunk-NUMECXU6.js?v=e8825dbd:19189:13)
    at renderRootConcurrent (http://localhost:5173/eleicoes-2026-monitor/node_modules/.vite/deps/chunk-NUMECXU6.js?v=e8825dbd:19164:15)
    at performConcurrentWorkOnRoot (http://localhost:5173/eleicoes-2026-monitor/node_modules/.vite/deps/chunk-NUMECXU6.js?v=e8825dbd:18678:46)
    at workLoop (http://localhost:5173/eleicoes-2026-monitor/node_modules/.vite/deps/chunk-NUMECXU6.js?v=e8825dbd:197:42) @ http://localhost:5173/eleicoes-2026-monitor/node_modules/.vite/deps/chunk-QO6XG2FF.js?v=e8825dbd:4072
[  138545ms] [ERROR] Warning: An error occurred during hydration. The server HTML was replaced with client content in <%s>. div @ http://localhost:5173/eleicoes-2026-monitor/node_modules/.vite/deps/chunk-NUMECXU6.js?v=e8825dbd:520
[  138584ms] Error: Text content does not match server-rendered HTML.
    at checkForUnmatchedText (http://localhost:5173/eleicoes-2026-monitor/node_modules/.vite/deps/chunk-NUMECXU6.js?v=e8825dbd:7412:19)
    at diffHydratedProperties (http://localhost:5173/eleicoes-2026-monitor/node_modules/.vite/deps/chunk-NUMECXU6.js?v=e8825dbd:7860:21)
    at hydrateInstance (http://localhost:5173/eleicoes-2026-monitor/node_modules/.vite/deps/chunk-NUMECXU6.js?v=e8825dbd:8611:18)
    at prepareToHydrateHostInstance (http://localhost:5173/eleicoes-2026-monitor/node_modules/.vite/deps/chunk-NUMECXU6.js?v=e8825dbd:9510:31)
    at completeWork (http://localhost:5173/eleicoes-2026-monitor/node_modules/.vite/deps/chunk-NUMECXU6.js?v=e8825dbd:16286:23)
    at completeUnitOfWork (http://localhost:5173/eleicoes-2026-monitor/node_modules/.vite/deps/chunk-NUMECXU6.js?v=e8825dbd:19224:24)
    at performUnitOfWork (http://localhost:5173/eleicoes-2026-monitor/node_modules/.vite/deps/chunk-NUMECXU6.js?v=e8825dbd:19206:13)
    at workLoopConcurrent (http://localhost:5173/eleicoes-2026-monitor/node_modules/.vite/deps/chunk-NUMECXU6.js?v=e8825dbd:19189:13)
    at renderRootConcurrent (http://localhost:5173/eleicoes-2026-monitor/node_modules/.vite/deps/chunk-NUMECXU6.js?v=e8825dbd:19164:15)
    at performConcurrentWorkOnRoot (http://localhost:5173/eleicoes-2026-monitor/node_modules/.vite/deps/chunk-NUMECXU6.js?v=e8825dbd:18678:46)
[  138585ms] Error: Text content does not match server-rendered HTML.
    at checkForUnmatchedText (http://localhost:5173/eleicoes-2026-monitor/node_modules/.vite/deps/chunk-NUMECXU6.js?v=e8825dbd:7412:19)
    at diffHydratedProperties (http://localhost:5173/eleicoes-2026-monitor/node_modules/.vite/deps/chunk-NUMECXU6.js?v=e8825dbd:7860:21)
    at hydrateInstance (http://localhost:5173/eleicoes-2026-monitor/node_modules/.vite/deps/chunk-NUMECXU6.js?v=e8825dbd:8611:18)
    at prepareToHydrateHostInstance (http://localhost:5173/eleicoes-2026-monitor/node_modules/.vite/deps/chunk-NUMECXU6.js?v=e8825dbd:9510:31)
    at completeWork (http://localhost:5173/eleicoes-2026-monitor/node_modules/.vite/deps/chunk-NUMECXU6.js?v=e8825dbd:16286:23)
    at completeUnitOfWork (http://localhost:5173/eleicoes-2026-monitor/node_modules/.vite/deps/chunk-NUMECXU6.js?v=e8825dbd:19224:24)
    at performUnitOfWork (http://localhost:5173/eleicoes-2026-monitor/node_modules/.vite/deps/chunk-NUMECXU6.js?v=e8825dbd:19206:13)
    at workLoopConcurrent (http://localhost:5173/eleicoes-2026-monitor/node_modules/.vite/deps/chunk-NUMECXU6.js?v=e8825dbd:19189:13)
    at renderRootConcurrent (http://localhost:5173/eleicoes-2026-monitor/node_modules/.vite/deps/chunk-NUMECXU6.js?v=e8825dbd:19164:15)
    at performConcurrentWorkOnRoot (http://localhost:5173/eleicoes-2026-monitor/node_modules/.vite/deps/chunk-NUMECXU6.js?v=e8825dbd:18678:46)
[  138586ms] Error: Text content does not match server-rendered HTML.
    at checkForUnmatchedText (http://localhost:5173/eleicoes-2026-monitor/node_modules/.vite/deps/chunk-NUMECXU6.js?v=e8825dbd:7412:19)
    at diffHydratedProperties (http://localhost:5173/eleicoes-2026-monitor/node_modules/.vite/deps/chunk-NUMECXU6.js?v=e8825dbd:7860:21)
    at hydrateInstance (http://localhost:5173/eleicoes-2026-monitor/node_modules/.vite/deps/chunk-NUMECXU6.js?v=e8825dbd:8611:18)
    at prepareToHydrateHostInstance (http://localhost:5173/eleicoes-2026-monitor/node_modules/.vite/deps/chunk-NUMECXU6.js?v=e8825dbd:9510:31)
    at completeWork (http://localhost:5173/eleicoes-2026-monitor/node_modules/.vite/deps/chunk-NUMECXU6.js?v=e8825dbd:16286:23)
    at completeUnitOfWork (http://localhost:5173/eleicoes-2026-monitor/node_modules/.vite/deps/chunk-NUMECXU6.js?v=e8825dbd:19224:24)
    at performUnitOfWork (http://localhost:5173/eleicoes-2026-monitor/node_modules/.vite/deps/chunk-NUMECXU6.js?v=e8825dbd:19206:13)
    at workLoopConcurrent (http://localhost:5173/eleicoes-2026-monitor/node_modules/.vite/deps/chunk-NUMECXU6.js?v=e8825dbd:19189:13)
    at renderRootConcurrent (http://localhost:5173/eleicoes-2026-monitor/node_modules/.vite/deps/chunk-NUMECXU6.js?v=e8825dbd:19164:15)
    at performConcurrentWorkOnRoot (http://localhost:5173/eleicoes-2026-monitor/node_modules/.vite/deps/chunk-NUMECXU6.js?v=e8825dbd:18678:46)
[  138586ms] Error: Text content does not match server-rendered HTML.
    at checkForUnmatchedText (http://localhost:5173/eleicoes-2026-monitor/node_modules/.vite/deps/chunk-NUMECXU6.js?v=e8825dbd:7412:19)
    at diffHydratedProperties (http://localhost:5173/eleicoes-2026-monitor/node_modules/.vite/deps/chunk-NUMECXU6.js?v=e8825dbd:7860:21)
    at hydrateInstance (http://localhost:5173/eleicoes-2026-monitor/node_modules/.vite/deps/chunk-NUMECXU6.js?v=e8825dbd:8611:18)
    at prepareToHydrateHostInstance (http://localhost:5173/eleicoes-2026-monitor/node_modules/.vite/deps/chunk-NUMECXU6.js?v=e8825dbd:9510:31)
    at completeWork (http://localhost:5173/eleicoes-2026-monitor/node_modules/.vite/deps/chunk-NUMECXU6.js?v=e8825dbd:16286:23)
    at completeUnitOfWork (http://localhost:5173/eleicoes-2026-monitor/node_modules/.vite/deps/chunk-NUMECXU6.js?v=e8825dbd:19224:24)
    at performUnitOfWork (http://localhost:5173/eleicoes-2026-monitor/node_modules/.vite/deps/chunk-NUMECXU6.js?v=e8825dbd:19206:13)
    at workLoopConcurrent (http://localhost:5173/eleicoes-2026-monitor/node_modules/.vite/deps/chunk-NUMECXU6.js?v=e8825dbd:19189:13)
    at renderRootConcurrent (http://localhost:5173/eleicoes-2026-monitor/node_modules/.vite/deps/chunk-NUMECXU6.js?v=e8825dbd:19164:15)
    at performConcurrentWorkOnRoot (http://localhost:5173/eleicoes-2026-monitor/node_modules/.vite/deps/chunk-NUMECXU6.js?v=e8825dbd:18678:46)
[  138587ms] Error: Text content does not match server-rendered HTML.
    at checkForUnmatchedText (http://localhost:5173/eleicoes-2026-monitor/node_modules/.vite/deps/chunk-NUMECXU6.js?v=e8825dbd:7412:19)
    at diffHydratedProperties (http://localhost:5173/eleicoes-2026-monitor/node_modules/.vite/deps/chunk-NUMECXU6.js?v=e8825dbd:7860:21)
    at hydrateInstance (http://localhost:5173/eleicoes-2026-monitor/node_modules/.vite/deps/chunk-NUMECXU6.js?v=e8825dbd:8611:18)
    at prepareToHydrateHostInstance (http://localhost:5173/eleicoes-2026-monitor/node_modules/.vite/deps/chunk-NUMECXU6.js?v=e8825dbd:9510:31)
    at completeWork (http://localhost:5173/eleicoes-2026-monitor/node_modules/.vite/deps/chunk-NUMECXU6.js?v=e8825dbd:16286:23)
    at completeUnitOfWork (http://localhost:5173/eleicoes-2026-monitor/node_modules/.vite/deps/chunk-NUMECXU6.js?v=e8825dbd:19224:24)
    at performUnitOfWork (http://localhost:5173/eleicoes-2026-monitor/node_modules/.vite/deps/chunk-NUMECXU6.js?v=e8825dbd:19206:13)
    at workLoopConcurrent (http://localhost:5173/eleicoes-2026-monitor/node_modules/.vite/deps/chunk-NUMECXU6.js?v=e8825dbd:19189:13)
    at renderRootConcurrent (http://localhost:5173/eleicoes-2026-monitor/node_modules/.vite/deps/chunk-NUMECXU6.js?v=e8825dbd:19164:15)
    at performConcurrentWorkOnRoot (http://localhost:5173/eleicoes-2026-monitor/node_modules/.vite/deps/chunk-NUMECXU6.js?v=e8825dbd:18678:46)
[  138588ms] Error: Text content does not match server-rendered HTML.
    at checkForUnmatchedText (http://localhost:5173/eleicoes-2026-monitor/node_modules/.vite/deps/chunk-NUMECXU6.js?v=e8825dbd:7412:19)
    at diffHydratedProperties (http://localhost:5173/eleicoes-2026-monitor/node_modules/.vite/deps/chunk-NUMECXU6.js?v=e8825dbd:7860:21)
    at hydrateInstance (http://localhost:5173/eleicoes-2026-monitor/node_modules/.vite/deps/chunk-NUMECXU6.js?v=e8825dbd:8611:18)
    at prepareToHydrateHostInstance (http://localhost:5173/eleicoes-2026-monitor/node_modules/.vite/deps/chunk-NUMECXU6.js?v=e8825dbd:9510:31)
    at completeWork (http://localhost:5173/eleicoes-2026-monitor/node_modules/.vite/deps/chunk-NUMECXU6.js?v=e8825dbd:16286:23)
    at completeUnitOfWork (http://localhost:5173/eleicoes-2026-monitor/node_modules/.vite/deps/chunk-NUMECXU6.js?v=e8825dbd:19224:24)
    at performUnitOfWork (http://localhost:5173/eleicoes-2026-monitor/node_modules/.vite/deps/chunk-NUMECXU6.js?v=e8825dbd:19206:13)
    at workLoopConcurrent (http://localhost:5173/eleicoes-2026-monitor/node_modules/.vite/deps/chunk-NUMECXU6.js?v=e8825dbd:19189:13)
    at renderRootConcurrent (http://localhost:5173/eleicoes-2026-monitor/node_modules/.vite/deps/chunk-NUMECXU6.js?v=e8825dbd:19164:15)
    at performConcurrentWorkOnRoot (http://localhost:5173/eleicoes-2026-monitor/node_modules/.vite/deps/chunk-NUMECXU6.js?v=e8825dbd:18678:46)
[  138588ms] Error: Text content does not match server-rendered HTML.
    at checkForUnmatchedText (http://localhost:5173/eleicoes-2026-monitor/node_modules/.vite/deps/chunk-NUMECXU6.js?v=e8825dbd:7412:19)
    at diffHydratedProperties (http://localhost:5173/eleicoes-2026-monitor/node_modules/.vite/deps/chunk-NUMECXU6.js?v=e8825dbd:7860:21)
    at hydrateInstance (http://localhost:5173/eleicoes-2026-monitor/node_modules/.vite/deps/chunk-NUMECXU6.js?v=e8825dbd:8611:18)
    at prepareToHydrateHostInstance (http://localhost:5173/eleicoes-2026-monitor/node_modules/.vite/deps/chunk-NUMECXU6.js?v=e8825dbd:9510:31)
    at completeWork (http://localhost:5173/eleicoes-2026-monitor/node_modules/.vite/deps/chunk-NUMECXU6.js?v=e8825dbd:16286:23)
    at completeUnitOfWork (http://localhost:5173/eleicoes-2026-monitor/node_modules/.vite/deps/chunk-NUMECXU6.js?v=e8825dbd:19224:24)
    at performUnitOfWork (http://localhost:5173/eleicoes-2026-monitor/node_modules/.vite/deps/chunk-NUMECXU6.js?v=e8825dbd:19206:13)
    at workLoopConcurrent (http://localhost:5173/eleicoes-2026-monitor/node_modules/.vite/deps/chunk-NUMECXU6.js?v=e8825dbd:19189:13)
    at renderRootConcurrent (http://localhost:5173/eleicoes-2026-monitor/node_modules/.vite/deps/chunk-NUMECXU6.js?v=e8825dbd:19164:15)
    at performConcurrentWorkOnRoot (http://localhost:5173/eleicoes-2026-monitor/node_modules/.vite/deps/chunk-NUMECXU6.js?v=e8825dbd:18678:46)
[  138589ms] Error: Text content does not match server-rendered HTML.
    at checkForUnmatchedText (http://localhost:5173/eleicoes-2026-monitor/node_modules/.vite/deps/chunk-NUMECXU6.js?v=e8825dbd:7412:19)
    at diffHydratedProperties (http://localhost:5173/eleicoes-2026-monitor/node_modules/.vite/deps/chunk-NUMECXU6.js?v=e8825dbd:7860:21)
    at hydrateInstance (http://localhost:5173/eleicoes-2026-monitor/node_modules/.vite/deps/chunk-NUMECXU6.js?v=e8825dbd:8611:18)
    at prepareToHydrateHostInstance (http://localhost:5173/eleicoes-2026-monitor/node_modules/.vite/deps/chunk-NUMECXU6.js?v=e8825dbd:9510:31)
    at completeWork (http://localhost:5173/eleicoes-2026-monitor/node_modules/.vite/deps/chunk-NUMECXU6.js?v=e8825dbd:16286:23)
    at completeUnitOfWork (http://localhost:5173/eleicoes-2026-monitor/node_modules/.vite/deps/chunk-NUMECXU6.js?v=e8825dbd:19224:24)
    at performUnitOfWork (http://localhost:5173/eleicoes-2026-monitor/node_modules/.vite/deps/chunk-NUMECXU6.js?v=e8825dbd:19206:13)
    at workLoopConcurrent (http://localhost:5173/eleicoes-2026-monitor/node_modules/.vite/deps/chunk-NUMECXU6.js?v=e8825dbd:19189:13)
    at renderRootConcurrent (http://localhost:5173/eleicoes-2026-monitor/node_modules/.vite/deps/chunk-NUMECXU6.js?v=e8825dbd:19164:15)
    at performConcurrentWorkOnRoot (http://localhost:5173/eleicoes-2026-monitor/node_modules/.vite/deps/chunk-NUMECXU6.js?v=e8825dbd:18678:46)
[  138590ms] Error: Hydration failed because the initial UI does not match what was rendered on the server.
    at throwOnHydrationMismatch (http://localhost:5173/eleicoes-2026-monitor/node_modules/.vite/deps/chunk-NUMECXU6.js?v=e8825dbd:9473:17)
    at tryToClaimNextHydratableInstance (http://localhost:5173/eleicoes-2026-monitor/node_modules/.vite/deps/chunk-NUMECXU6.js?v=e8825dbd:9483:15)
    at updateHostComponent (http://localhost:5173/eleicoes-2026-monitor/node_modules/.vite/deps/chunk-NUMECXU6.js?v=e8825dbd:14794:13)
    at beginWork (http://localhost:5173/eleicoes-2026-monitor/node_modules/.vite/deps/chunk-NUMECXU6.js?v=e8825dbd:15935:22)
    at beginWork$1 (http://localhost:5173/eleicoes-2026-monitor/node_modules/.vite/deps/chunk-NUMECXU6.js?v=e8825dbd:19753:22)
    at performUnitOfWork (http://localhost:5173/eleicoes-2026-monitor/node_modules/.vite/deps/chunk-NUMECXU6.js?v=e8825dbd:19198:20)
    at workLoopConcurrent (http://localhost:5173/eleicoes-2026-monitor/node_modules/.vite/deps/chunk-NUMECXU6.js?v=e8825dbd:19189:13)
    at renderRootConcurrent (http://localhost:5173/eleicoes-2026-monitor/node_modules/.vite/deps/chunk-NUMECXU6.js?v=e8825dbd:19164:15)
    at performConcurrentWorkOnRoot (http://localhost:5173/eleicoes-2026-monitor/node_modules/.vite/deps/chunk-NUMECXU6.js?v=e8825dbd:18678:46)
    at workLoop (http://localhost:5173/eleicoes-2026-monitor/node_modules/.vite/deps/chunk-NUMECXU6.js?v=e8825dbd:197:42)
[  138590ms] Error: Hydration failed because the initial UI does not match what was rendered on the server.
    at throwOnHydrationMismatch (http://localhost:5173/eleicoes-2026-monitor/node_modules/.vite/deps/chunk-NUMECXU6.js?v=e8825dbd:9473:17)
    at tryToClaimNextHydratableInstance (http://localhost:5173/eleicoes-2026-monitor/node_modules/.vite/deps/chunk-NUMECXU6.js?v=e8825dbd:9483:15)
    at updateHostComponent (http://localhost:5173/eleicoes-2026-monitor/node_modules/.vite/deps/chunk-NUMECXU6.js?v=e8825dbd:14794:13)
    at beginWork (http://localhost:5173/eleicoes-2026-monitor/node_modules/.vite/deps/chunk-NUMECXU6.js?v=e8825dbd:15935:22)
    at beginWork$1 (http://localhost:5173/eleicoes-2026-monitor/node_modules/.vite/deps/chunk-NUMECXU6.js?v=e8825dbd:19753:22)
    at performUnitOfWork (http://localhost:5173/eleicoes-2026-monitor/node_modules/.vite/deps/chunk-NUMECXU6.js?v=e8825dbd:19198:20)
    at workLoopConcurrent (http://localhost:5173/eleicoes-2026-monitor/node_modules/.vite/deps/chunk-NUMECXU6.js?v=e8825dbd:19189:13)
    at renderRootConcurrent (http://localhost:5173/eleicoes-2026-monitor/node_modules/.vite/deps/chunk-NUMECXU6.js?v=e8825dbd:19164:15)
    at performConcurrentWorkOnRoot (http://localhost:5173/eleicoes-2026-monitor/node_modules/.vite/deps/chunk-NUMECXU6.js?v=e8825dbd:18678:46)
    at workLoop (http://localhost:5173/eleicoes-2026-monitor/node_modules/.vite/deps/chunk-NUMECXU6.js?v=e8825dbd:197:42)
[  138591ms] Error: Hydration failed because the initial UI does not match what was rendered on the server.
    at throwOnHydrationMismatch (http://localhost:5173/eleicoes-2026-monitor/node_modules/.vite/deps/chunk-NUMECXU6.js?v=e8825dbd:9473:17)
    at tryToClaimNextHydratableInstance (http://localhost:5173/eleicoes-2026-monitor/node_modules/.vite/deps/chunk-NUMECXU6.js?v=e8825dbd:9483:15)
    at updateHostComponent (http://localhost:5173/eleicoes-2026-monitor/node_modules/.vite/deps/chunk-NUMECXU6.js?v=e8825dbd:14794:13)
    at beginWork (http://localhost:5173/eleicoes-2026-monitor/node_modules/.vite/deps/chunk-NUMECXU6.js?v=e8825dbd:15935:22)
    at beginWork$1 (http://localhost:5173/eleicoes-2026-monitor/node_modules/.vite/deps/chunk-NUMECXU6.js?v=e8825dbd:19753:22)
    at performUnitOfWork (http://localhost:5173/eleicoes-2026-monitor/node_modules/.vite/deps/chunk-NUMECXU6.js?v=e8825dbd:19198:20)
    at workLoopConcurrent (http://localhost:5173/eleicoes-2026-monitor/node_modules/.vite/deps/chunk-NUMECXU6.js?v=e8825dbd:19189:13)
    at renderRootConcurrent (http://localhost:5173/eleicoes-2026-monitor/node_modules/.vite/deps/chunk-NUMECXU6.js?v=e8825dbd:19164:15)
    at performConcurrentWorkOnRoot (http://localhost:5173/eleicoes-2026-monitor/node_modules/.vite/deps/chunk-NUMECXU6.js?v=e8825dbd:18678:46)
    at workLoop (http://localhost:5173/eleicoes-2026-monitor/node_modules/.vite/deps/chunk-NUMECXU6.js?v=e8825dbd:197:42)
[  138592ms] Error: Hydration failed because the initial UI does not match what was rendered on the server.
    at throwOnHydrationMismatch (http://localhost:5173/eleicoes-2026-monitor/node_modules/.vite/deps/chunk-NUMECXU6.js?v=e8825dbd:9473:17)
    at tryToClaimNextHydratableInstance (http://localhost:5173/eleicoes-2026-monitor/node_modules/.vite/deps/chunk-NUMECXU6.js?v=e8825dbd:9483:15)
    at updateHostComponent (http://localhost:5173/eleicoes-2026-monitor/node_modules/.vite/deps/chunk-NUMECXU6.js?v=e8825dbd:14794:13)
    at beginWork (http://localhost:5173/eleicoes-2026-monitor/node_modules/.vite/deps/chunk-NUMECXU6.js?v=e8825dbd:15935:22)
    at beginWork$1 (http://localhost:5173/eleicoes-2026-monitor/node_modules/.vite/deps/chunk-NUMECXU6.js?v=e8825dbd:19753:22)
    at performUnitOfWork (http://localhost:5173/eleicoes-2026-monitor/node_modules/.vite/deps/chunk-NUMECXU6.js?v=e8825dbd:19198:20)
    at workLoopConcurrent (http://localhost:5173/eleicoes-2026-monitor/node_modules/.vite/deps/chunk-NUMECXU6.js?v=e8825dbd:19189:13)
    at renderRootConcurrent (http://localhost:5173/eleicoes-2026-monitor/node_modules/.vite/deps/chunk-NUMECXU6.js?v=e8825dbd:19164:15)
    at performConcurrentWorkOnRoot (http://localhost:5173/eleicoes-2026-monitor/node_modules/.vite/deps/chunk-NUMECXU6.js?v=e8825dbd:18678:46)
    at workLoop (http://localhost:5173/eleicoes-2026-monitor/node_modules/.vite/deps/chunk-NUMECXU6.js?v=e8825dbd:197:42)
[  138592ms] Error: Hydration failed because the initial UI does not match what was rendered on the server.
    at throwOnHydrationMismatch (http://localhost:5173/eleicoes-2026-monitor/node_modules/.vite/deps/chunk-NUMECXU6.js?v=e8825dbd:9473:17)
    at tryToClaimNextHydratableInstance (http://localhost:5173/eleicoes-2026-monitor/node_modules/.vite/deps/chunk-NUMECXU6.js?v=e8825dbd:9483:15)
    at updateHostComponent (http://localhost:5173/eleicoes-2026-monitor/node_modules/.vite/deps/chunk-NUMECXU6.js?v=e8825dbd:14794:13)
    at beginWork (http://localhost:5173/eleicoes-2026-monitor/node_modules/.vite/deps/chunk-NUMECXU6.js?v=e8825dbd:15935:22)
    at beginWork$1 (http://localhost:5173/eleicoes-2026-monitor/node_modules/.vite/deps/chunk-NUMECXU6.js?v=e8825dbd:19753:22)
    at performUnitOfWork (http://localhost:5173/eleicoes-2026-monitor/node_modules/.vite/deps/chunk-NUMECXU6.js?v=e8825dbd:19198:20)
    at workLoopConcurrent (http://localhost:5173/eleicoes-2026-monitor/node_modules/.vite/deps/chunk-NUMECXU6.js?v=e8825dbd:19189:13)
    at renderRootConcurrent (http://localhost:5173/eleicoes-2026-monitor/node_modules/.vite/deps/chunk-NUMECXU6.js?v=e8825dbd:19164:15)
    at performConcurrentWorkOnRoot (http://localhost:5173/eleicoes-2026-monitor/node_modules/.vite/deps/chunk-NUMECXU6.js?v=e8825dbd:18678:46)
    at workLoop (http://localhost:5173/eleicoes-2026-monitor/node_modules/.vite/deps/chunk-NUMECXU6.js?v=e8825dbd:197:42)
[  138593ms] Error: Hydration failed because the initial UI does not match what was rendered on the server.
    at throwOnHydrationMismatch (http://localhost:5173/eleicoes-2026-monitor/node_modules/.vite/deps/chunk-NUMECXU6.js?v=e8825dbd:9473:17)
    at tryToClaimNextHydratableInstance (http://localhost:5173/eleicoes-2026-monitor/node_modules/.vite/deps/chunk-NUMECXU6.js?v=e8825dbd:9483:15)
    at updateHostComponent (http://localhost:5173/eleicoes-2026-monitor/node_modules/.vite/deps/chunk-NUMECXU6.js?v=e8825dbd:14794:13)
    at beginWork (http://localhost:5173/eleicoes-2026-monitor/node_modules/.vite/deps/chunk-NUMECXU6.js?v=e8825dbd:15935:22)
    at beginWork$1 (http://localhost:5173/eleicoes-2026-monitor/node_modules/.vite/deps/chunk-NUMECXU6.js?v=e8825dbd:19753:22)
    at performUnitOfWork (http://localhost:5173/eleicoes-2026-monitor/node_modules/.vite/deps/chunk-NUMECXU6.js?v=e8825dbd:19198:20)
    at workLoopConcurrent (http://localhost:5173/eleicoes-2026-monitor/node_modules/.vite/deps/chunk-NUMECXU6.js?v=e8825dbd:19189:13)
    at renderRootConcurrent (http://localhost:5173/eleicoes-2026-monitor/node_modules/.vite/deps/chunk-NUMECXU6.js?v=e8825dbd:19164:15)
    at performConcurrentWorkOnRoot (http://localhost:5173/eleicoes-2026-monitor/node_modules/.vite/deps/chunk-NUMECXU6.js?v=e8825dbd:18678:46)
    at workLoop (http://localhost:5173/eleicoes-2026-monitor/node_modules/.vite/deps/chunk-NUMECXU6.js?v=e8825dbd:197:42)
[  138593ms] Error: Hydration failed because the initial UI does not match what was rendered on the server.
    at throwOnHydrationMismatch (http://localhost:5173/eleicoes-2026-monitor/node_modules/.vite/deps/chunk-NUMECXU6.js?v=e8825dbd:9473:17)
    at tryToClaimNextHydratableInstance (http://localhost:5173/eleicoes-2026-monitor/node_modules/.vite/deps/chunk-NUMECXU6.js?v=e8825dbd:9483:15)
    at updateHostComponent (http://localhost:5173/eleicoes-2026-monitor/node_modules/.vite/deps/chunk-NUMECXU6.js?v=e8825dbd:14794:13)
    at beginWork (http://localhost:5173/eleicoes-2026-monitor/node_modules/.vite/deps/chunk-NUMECXU6.js?v=e8825dbd:15935:22)
    at beginWork$1 (http://localhost:5173/eleicoes-2026-monitor/node_modules/.vite/deps/chunk-NUMECXU6.js?v=e8825dbd:19753:22)
    at performUnitOfWork (http://localhost:5173/eleicoes-2026-monitor/node_modules/.vite/deps/chunk-NUMECXU6.js?v=e8825dbd:19198:20)
    at workLoopConcurrent (http://localhost:5173/eleicoes-2026-monitor/node_modules/.vite/deps/chunk-NUMECXU6.js?v=e8825dbd:19189:13)
    at renderRootConcurrent (http://localhost:5173/eleicoes-2026-monitor/node_modules/.vite/deps/chunk-NUMECXU6.js?v=e8825dbd:19164:15)
    at performConcurrentWorkOnRoot (http://localhost:5173/eleicoes-2026-monitor/node_modules/.vite/deps/chunk-NUMECXU6.js?v=e8825dbd:18678:46)
    at workLoop (http://localhost:5173/eleicoes-2026-monitor/node_modules/.vite/deps/chunk-NUMECXU6.js?v=e8825dbd:197:42)
[  138593ms] Error: Hydration failed because the initial UI does not match what was rendered on the server.
    at throwOnHydrationMismatch (http://localhost:5173/eleicoes-2026-monitor/node_modules/.vite/deps/chunk-NUMECXU6.js?v=e8825dbd:9473:17)
    at tryToClaimNextHydratableInstance (http://localhost:5173/eleicoes-2026-monitor/node_modules/.vite/deps/chunk-NUMECXU6.js?v=e8825dbd:9483:15)
    at updateHostComponent (http://localhost:5173/eleicoes-2026-monitor/node_modules/.vite/deps/chunk-NUMECXU6.js?v=e8825dbd:14794:13)
    at beginWork (http://localhost:5173/eleicoes-2026-monitor/node_modules/.vite/deps/chunk-NUMECXU6.js?v=e8825dbd:15935:22)
    at beginWork$1 (http://localhost:5173/eleicoes-2026-monitor/node_modules/.vite/deps/chunk-NUMECXU6.js?v=e8825dbd:19753:22)
    at performUnitOfWork (http://localhost:5173/eleicoes-2026-monitor/node_modules/.vite/deps/chunk-NUMECXU6.js?v=e8825dbd:19198:20)
    at workLoopConcurrent (http://localhost:5173/eleicoes-2026-monitor/node_modules/.vite/deps/chunk-NUMECXU6.js?v=e8825dbd:19189:13)
    at renderRootConcurrent (http://localhost:5173/eleicoes-2026-monitor/node_modules/.vite/deps/chunk-NUMECXU6.js?v=e8825dbd:19164:15)
    at performConcurrentWorkOnRoot (http://localhost:5173/eleicoes-2026-monitor/node_modules/.vite/deps/chunk-NUMECXU6.js?v=e8825dbd:18678:46)
    at workLoop (http://localhost:5173/eleicoes-2026-monitor/node_modules/.vite/deps/chunk-NUMECXU6.js?v=e8825dbd:197:42)
[  138594ms] Error: Hydration failed because the initial UI does not match what was rendered on the server.
    at throwOnHydrationMismatch (http://localhost:5173/eleicoes-2026-monitor/node_modules/.vite/deps/chunk-NUMECXU6.js?v=e8825dbd:9473:17)
    at tryToClaimNextHydratableInstance (http://localhost:5173/eleicoes-2026-monitor/node_modules/.vite/deps/chunk-NUMECXU6.js?v=e8825dbd:9483:15)
    at updateHostComponent (http://localhost:5173/eleicoes-2026-monitor/node_modules/.vite/deps/chunk-NUMECXU6.js?v=e8825dbd:14794:13)
    at beginWork (http://localhost:5173/eleicoes-2026-monitor/node_modules/.vite/deps/chunk-NUMECXU6.js?v=e8825dbd:15935:22)
    at beginWork$1 (http://localhost:5173/eleicoes-2026-monitor/node_modules/.vite/deps/chunk-NUMECXU6.js?v=e8825dbd:19753:22)
    at performUnitOfWork (http://localhost:5173/eleicoes-2026-monitor/node_modules/.vite/deps/chunk-NUMECXU6.js?v=e8825dbd:19198:20)
    at workLoopConcurrent (http://localhost:5173/eleicoes-2026-monitor/node_modules/.vite/deps/chunk-NUMECXU6.js?v=e8825dbd:19189:13)
    at renderRootConcurrent (http://localhost:5173/eleicoes-2026-monitor/node_modules/.vite/deps/chunk-NUMECXU6.js?v=e8825dbd:19164:15)
    at performConcurrentWorkOnRoot (http://localhost:5173/eleicoes-2026-monitor/node_modules/.vite/deps/chunk-NUMECXU6.js?v=e8825dbd:18678:46)
    at workLoop (http://localhost:5173/eleicoes-2026-monitor/node_modules/.vite/deps/chunk-NUMECXU6.js?v=e8825dbd:197:42)
[  138594ms] Error: Hydration failed because the initial UI does not match what was rendered on the server.
    at throwOnHydrationMismatch (http://localhost:5173/eleicoes-2026-monitor/node_modules/.vite/deps/chunk-NUMECXU6.js?v=e8825dbd:9473:17)
    at tryToClaimNextHydratableInstance (http://localhost:5173/eleicoes-2026-monitor/node_modules/.vite/deps/chunk-NUMECXU6.js?v=e8825dbd:9483:15)
    at updateHostComponent (http://localhost:5173/eleicoes-2026-monitor/node_modules/.vite/deps/chunk-NUMECXU6.js?v=e8825dbd:14794:13)
    at beginWork (http://localhost:5173/eleicoes-2026-monitor/node_modules/.vite/deps/chunk-NUMECXU6.js?v=e8825dbd:15935:22)
    at beginWork$1 (http://localhost:5173/eleicoes-2026-monitor/node_modules/.vite/deps/chunk-NUMECXU6.js?v=e8825dbd:19753:22)
    at performUnitOfWork (http://localhost:5173/eleicoes-2026-monitor/node_modules/.vite/deps/chunk-NUMECXU6.js?v=e8825dbd:19198:20)
    at workLoopConcurrent (http://localhost:5173/eleicoes-2026-monitor/node_modules/.vite/deps/chunk-NUMECXU6.js?v=e8825dbd:19189:13)
    at renderRootConcurrent (http://localhost:5173/eleicoes-2026-monitor/node_modules/.vite/deps/chunk-NUMECXU6.js?v=e8825dbd:19164:15)
    at performConcurrentWorkOnRoot (http://localhost:5173/eleicoes-2026-monitor/node_modules/.vite/deps/chunk-NUMECXU6.js?v=e8825dbd:18678:46)
    at workLoop (http://localhost:5173/eleicoes-2026-monitor/node_modules/.vite/deps/chunk-NUMECXU6.js?v=e8825dbd:197:42)
[  138595ms] Error: There was an error while hydrating. Because the error happened outside of a Suspense boundary, the entire root will switch to client rendering.
    at updateHostRoot (http://localhost:5173/eleicoes-2026-monitor/node_modules/.vite/deps/chunk-NUMECXU6.js?v=e8825dbd:14760:65)
    at beginWork (http://localhost:5173/eleicoes-2026-monitor/node_modules/.vite/deps/chunk-NUMECXU6.js?v=e8825dbd:15933:22)
    at beginWork$1 (http://localhost:5173/eleicoes-2026-monitor/node_modules/.vite/deps/chunk-NUMECXU6.js?v=e8825dbd:19753:22)
    at performUnitOfWork (http://localhost:5173/eleicoes-2026-monitor/node_modules/.vite/deps/chunk-NUMECXU6.js?v=e8825dbd:19198:20)
    at workLoopSync (http://localhost:5173/eleicoes-2026-monitor/node_modules/.vite/deps/chunk-NUMECXU6.js?v=e8825dbd:19137:13)
    at renderRootSync (http://localhost:5173/eleicoes-2026-monitor/node_modules/.vite/deps/chunk-NUMECXU6.js?v=e8825dbd:19116:15)
    at recoverFromConcurrentError (http://localhost:5173/eleicoes-2026-monitor/node_modules/.vite/deps/chunk-NUMECXU6.js?v=e8825dbd:18736:28)
    at performConcurrentWorkOnRoot (http://localhost:5173/eleicoes-2026-monitor/node_modules/.vite/deps/chunk-NUMECXU6.js?v=e8825dbd:18684:30)
    at workLoop (http://localhost:5173/eleicoes-2026-monitor/node_modules/.vite/deps/chunk-NUMECXU6.js?v=e8825dbd:197:42)
    at flushWork (http://localhost:5173/eleicoes-2026-monitor/node_modules/.vite/deps/chunk-NUMECXU6.js?v=e8825dbd:176:22)
