[     483ms] [ERROR] Failed to load resource: the server responded with a status of 404 () @ https://carlosduplar.github.io/favicon.ico:0
[     505ms] Error: Minified React error #425; visit https://reactjs.org/docs/error-decoder.html?invariant=425 for the full message or use the non-minified dev environment for full errors and additional helpful warnings.
    at vc (https://carlosduplar.github.io/eleicoes-2026-monitor/assets/app-CikwzX5k.js:6:68)
    at y2 (https://carlosduplar.github.io/eleicoes-2026-monitor/assets/app-CikwzX5k.js:8:18968)
    at u_ (https://carlosduplar.github.io/eleicoes-2026-monitor/assets/app-CikwzX5k.js:8:40375)
    at l_ (https://carlosduplar.github.io/eleicoes-2026-monitor/assets/app-CikwzX5k.js:8:40264)
    at P2 (https://carlosduplar.github.io/eleicoes-2026-monitor/assets/app-CikwzX5k.js:8:40175)
    at i_ (https://carlosduplar.github.io/eleicoes-2026-monitor/assets/app-CikwzX5k.js:8:35089)
    at P (https://carlosduplar.github.io/eleicoes-2026-monitor/assets/app-CikwzX5k.js:1:84525)
    at MessagePort.D (https://carlosduplar.github.io/eleicoes-2026-monitor/assets/app-CikwzX5k.js:1:84897)
[     506ms] Error: Minified React error #418; visit https://reactjs.org/docs/error-decoder.html?invariant=418 for the full message or use the non-minified dev environment for full errors and additional helpful warnings.
    at mh (https://carlosduplar.github.io/eleicoes-2026-monitor/assets/app-CikwzX5k.js:6:4926)
    at d_ (https://carlosduplar.github.io/eleicoes-2026-monitor/assets/app-CikwzX5k.js:8:46173)
    at l_ (https://carlosduplar.github.io/eleicoes-2026-monitor/assets/app-CikwzX5k.js:8:40203)
    at P2 (https://carlosduplar.github.io/eleicoes-2026-monitor/assets/app-CikwzX5k.js:8:40175)
    at i_ (https://carlosduplar.github.io/eleicoes-2026-monitor/assets/app-CikwzX5k.js:8:35089)
    at P (https://carlosduplar.github.io/eleicoes-2026-monitor/assets/app-CikwzX5k.js:1:84525)
    at MessagePort.D (https://carlosduplar.github.io/eleicoes-2026-monitor/assets/app-CikwzX5k.js:1:84897)
[     507ms] Error: Minified React error #418; visit https://reactjs.org/docs/error-decoder.html?invariant=418 for the full message or use the non-minified dev environment for full errors and additional helpful warnings.
    at mh (https://carlosduplar.github.io/eleicoes-2026-monitor/assets/app-CikwzX5k.js:6:4926)
    at d_ (https://carlosduplar.github.io/eleicoes-2026-monitor/assets/app-CikwzX5k.js:8:46173)
    at l_ (https://carlosduplar.github.io/eleicoes-2026-monitor/assets/app-CikwzX5k.js:8:40203)
    at P2 (https://carlosduplar.github.io/eleicoes-2026-monitor/assets/app-CikwzX5k.js:8:40175)
    at i_ (https://carlosduplar.github.io/eleicoes-2026-monitor/assets/app-CikwzX5k.js:8:35089)
    at P (https://carlosduplar.github.io/eleicoes-2026-monitor/assets/app-CikwzX5k.js:1:84525)
    at MessagePort.D (https://carlosduplar.github.io/eleicoes-2026-monitor/assets/app-CikwzX5k.js:1:84897)
[     508ms] Error: Minified React error #418; visit https://reactjs.org/docs/error-decoder.html?invariant=418 for the full message or use the non-minified dev environment for full errors and additional helpful warnings.
    at mh (https://carlosduplar.github.io/eleicoes-2026-monitor/assets/app-CikwzX5k.js:6:4926)
    at d_ (https://carlosduplar.github.io/eleicoes-2026-monitor/assets/app-CikwzX5k.js:8:46173)
    at l_ (https://carlosduplar.github.io/eleicoes-2026-monitor/assets/app-CikwzX5k.js:8:40203)
    at P2 (https://carlosduplar.github.io/eleicoes-2026-monitor/assets/app-CikwzX5k.js:8:40175)
    at i_ (https://carlosduplar.github.io/eleicoes-2026-monitor/assets/app-CikwzX5k.js:8:35089)
    at P (https://carlosduplar.github.io/eleicoes-2026-monitor/assets/app-CikwzX5k.js:1:84525)
    at MessagePort.D (https://carlosduplar.github.io/eleicoes-2026-monitor/assets/app-CikwzX5k.js:1:84897)
[     509ms] Error: Minified React error #418; visit https://reactjs.org/docs/error-decoder.html?invariant=418 for the full message or use the non-minified dev environment for full errors and additional helpful warnings.
    at mh (https://carlosduplar.github.io/eleicoes-2026-monitor/assets/app-CikwzX5k.js:6:4926)
    at d_ (https://carlosduplar.github.io/eleicoes-2026-monitor/assets/app-CikwzX5k.js:8:46173)
    at l_ (https://carlosduplar.github.io/eleicoes-2026-monitor/assets/app-CikwzX5k.js:8:40203)
    at P2 (https://carlosduplar.github.io/eleicoes-2026-monitor/assets/app-CikwzX5k.js:8:40175)
    at i_ (https://carlosduplar.github.io/eleicoes-2026-monitor/assets/app-CikwzX5k.js:8:35089)
    at P (https://carlosduplar.github.io/eleicoes-2026-monitor/assets/app-CikwzX5k.js:1:84525)
    at MessagePort.D (https://carlosduplar.github.io/eleicoes-2026-monitor/assets/app-CikwzX5k.js:1:84897)
[     510ms] Error: Minified React error #418; visit https://reactjs.org/docs/error-decoder.html?invariant=418 for the full message or use the non-minified dev environment for full errors and additional helpful warnings.
    at mh (https://carlosduplar.github.io/eleicoes-2026-monitor/assets/app-CikwzX5k.js:6:4926)
    at d_ (https://carlosduplar.github.io/eleicoes-2026-monitor/assets/app-CikwzX5k.js:8:46173)
    at l_ (https://carlosduplar.github.io/eleicoes-2026-monitor/assets/app-CikwzX5k.js:8:40203)
    at P2 (https://carlosduplar.github.io/eleicoes-2026-monitor/assets/app-CikwzX5k.js:8:40175)
    at i_ (https://carlosduplar.github.io/eleicoes-2026-monitor/assets/app-CikwzX5k.js:8:35089)
    at P (https://carlosduplar.github.io/eleicoes-2026-monitor/assets/app-CikwzX5k.js:1:84525)
    at MessagePort.D (https://carlosduplar.github.io/eleicoes-2026-monitor/assets/app-CikwzX5k.js:1:84897)
[     510ms] Error: Minified React error #418; visit https://reactjs.org/docs/error-decoder.html?invariant=418 for the full message or use the non-minified dev environment for full errors and additional helpful warnings.
    at mh (https://carlosduplar.github.io/eleicoes-2026-monitor/assets/app-CikwzX5k.js:6:4926)
    at d_ (https://carlosduplar.github.io/eleicoes-2026-monitor/assets/app-CikwzX5k.js:8:46173)
    at l_ (https://carlosduplar.github.io/eleicoes-2026-monitor/assets/app-CikwzX5k.js:8:40203)
    at P2 (https://carlosduplar.github.io/eleicoes-2026-monitor/assets/app-CikwzX5k.js:8:40175)
    at i_ (https://carlosduplar.github.io/eleicoes-2026-monitor/assets/app-CikwzX5k.js:8:35089)
    at P (https://carlosduplar.github.io/eleicoes-2026-monitor/assets/app-CikwzX5k.js:1:84525)
    at MessagePort.D (https://carlosduplar.github.io/eleicoes-2026-monitor/assets/app-CikwzX5k.js:1:84897)
[     511ms] Error: Minified React error #423; visit https://reactjs.org/docs/error-decoder.html?invariant=423 for the full message or use the non-minified dev environment for full errors and additional helpful warnings.
    at d_ (https://carlosduplar.github.io/eleicoes-2026-monitor/assets/app-CikwzX5k.js:8:45832)
    at l_ (https://carlosduplar.github.io/eleicoes-2026-monitor/assets/app-CikwzX5k.js:8:40203)
    at O2 (https://carlosduplar.github.io/eleicoes-2026-monitor/assets/app-CikwzX5k.js:8:40131)
    at Yc (https://carlosduplar.github.io/eleicoes-2026-monitor/assets/app-CikwzX5k.js:8:39984)
    at tm (https://carlosduplar.github.io/eleicoes-2026-monitor/assets/app-CikwzX5k.js:8:36279)
    at i_ (https://carlosduplar.github.io/eleicoes-2026-monitor/assets/app-CikwzX5k.js:8:35227)
    at P (https://carlosduplar.github.io/eleicoes-2026-monitor/assets/app-CikwzX5k.js:1:84525)
    at MessagePort.D (https://carlosduplar.github.io/eleicoes-2026-monitor/assets/app-CikwzX5k.js:1:84897)
[     566ms] [ERROR] Failed to load resource: the server responded with a status of 404 () @ https://carlosduplar.github.io/data/articles.json:0
